<?xml version="1.0" encoding="UTF-8" standalone="yes"?>
<record:record path="/0000-0003-0902-4386" xmlns:internal="http://www.orcid.org/ns/internal" xmlns:education="http://www.orcid.org/ns/education" xmlns:distinction="http://www.orcid.org/ns/distinction" xmlns:deprecated="http://www.orcid.org/ns/deprecated" xmlns:other-name="http://www.orcid.org/ns/other-name" xmlns:membership="http://www.orcid.org/ns/membership" xmlns:error="http://www.orcid.org/ns/error" xmlns:common="http://www.orcid.org/ns/common" xmlns:record="http://www.orcid.org/ns/record" xmlns:personal-details="http://www.orcid.org/ns/personal-details" xmlns:keyword="http://www.orcid.org/ns/keyword" xmlns:email="http://www.orcid.org/ns/email" xmlns:external-identifier="http://www.orcid.org/ns/external-identifier" xmlns:funding="http://www.orcid.org/ns/funding" xmlns:preferences="http://www.orcid.org/ns/preferences" xmlns:address="http://www.orcid.org/ns/address" xmlns:invited-position="http://www.orcid.org/ns/invited-position" xmlns:work="http://www.orcid.org/ns/work" xmlns:history="http://www.orcid.org/ns/history" xmlns:employment="http://www.orcid.org/ns/employment" xmlns:qualification="http://www.orcid.org/ns/qualification" xmlns:service="http://www.orcid.org/ns/service" xmlns:person="http://www.orcid.org/ns/person" xmlns:activities="http://www.orcid.org/ns/activities" xmlns:researcher-url="http://www.orcid.org/ns/researcher-url" xmlns:peer-review="http://www.orcid.org/ns/peer-review" xmlns:bulk="http://www.orcid.org/ns/bulk" xmlns:research-resource="http://www.orcid.org/ns/research-resource">
      <common:orcid-identifier>
            <common:uri>https://orcid.org/0000-0003-0902-4386</common:uri>
            <common:path>0000-0003-0902-4386</common:path>
            <common:host>orcid.org</common:host>
      </common:orcid-identifier>
      <preferences:preferences>
            <preferences:locale>en</preferences:locale>
      </preferences:preferences>
      <history:history>
            <history:creation-method>website</history:creation-method>
            <history:completion-date>2013-01-18T12:09:28.451Z</history:completion-date>
            <history:submission-date>2013-01-18T12:09:28.451Z</history:submission-date>
            <common:last-modified-date>2021-07-20T12:15:44.981Z</common:last-modified-date>
            <history:claimed>true</history:claimed>
            <history:verified-email>true</history:verified-email>
            <history:verified-primary-email>true</history:verified-primary-email>
      </history:history>
      <person:person path="/0000-0003-0902-4386/person">
            <common:last-modified-date>2019-11-04T10:55:29.942Z</common:last-modified-date>
            <person:name visibility="public" path="0000-0003-0902-4386">
                  <common:created-date>2016-04-15T23:35:41.154Z</common:created-date>
                  <common:last-modified-date>2020-07-14T09:54:08.948Z</common:last-modified-date>
                  <personal-details:given-names>Tom</personal-details:given-names>
                  <personal-details:family-name>Demeranville</personal-details:family-name>
                  <personal-details:credit-name>Tom 'Amazing' Demeranville</personal-details:credit-name>
            </person:name>
            <other-name:other-names path="/0000-0003-0902-4386/other-names">
                  <common:last-modified-date>2019-04-30T16:09:35.015Z</common:last-modified-date>
                  <other-name:other-name put-code="1238516" visibility="public" path="/0000-0003-0902-4386/other-names/1238516" display-index="1">
                        <common:created-date>2019-04-30T16:09:21.051Z</common:created-date>
                        <common:last-modified-date>2019-04-30T16:09:35.015Z</common:last-modified-date>
                        <common:source>
                              <common:source-orcid>
                                    <common:uri>https://orcid.org/0000-0003-0902-4386</common:uri>
                                    <common:path>0000-0003-0902-4386</common:path>
                                    <common:host>orcid.org</common:host>
                              </common:source-orcid>
                              <common:source-name>Tom 'Amazing' Demeranville</common:source-name>
                        </common:source>
                        <other-name:content>The guy from ORCID with the colourful shirt</other-name:content>
                  </other-name:other-name>
            </other-name:other-names>
            <person:biography visibility="public" path="/0000-0003-0902-4386/biography">
                  <common:created-date>2016-04-15T23:35:41.157Z</common:created-date>
                  <common:last-modified-date>2019-11-04T10:56:41.323Z</common:last-modified-date>
                  <personal-details:content>ORCID Product Director.  A technical background in innovation, software engineering and identity management.</personal-details:content>
            </person:biography>
            <researcher-url:researcher-urls path="/0000-0003-0902-4386/researcher-urls"/>
            <email:emails path="/0000-0003-0902-4386/email">
                  <common:last-modified-date>2018-12-18T12:32:34.517Z</common:last-modified-date>
                  <email:email visibility="public" verified="true" primary="false">
                        <common:created-date>2018-12-18T12:32:16.728Z</common:created-date>
                        <common:last-modified-date>2018-12-18T12:32:34.517Z</common:last-modified-date>
                        <common:source>
                              <common:source-orcid>
                                    <common:uri>https://orcid.org/0000-0003-0902-4386</common:uri>
                                    <common:path>0000-0003-0902-4386</common:path>
                                    <common:host>orcid.org</common:host>
                              </common:source-orcid>
                              <common:source-name>Tom 'Amazing' Demeranville</common:source-name>
                        </common:source>
                        <email:email>t.demeranville@orcid.org</email:email>
                  </email:email>
            </email:emails>
            <address:addresses path="/0000-0003-0902-4386/address">
                  <common:last-modified-date>2018-12-03T15:52:21.296Z</common:last-modified-date>
                  <address:address put-code="120317" visibility="public" path="/0000-0003-0902-4386/address/120317" display-index="2">
                        <common:created-date>2016-01-24T18:13:43.747Z</common:created-date>
                        <common:last-modified-date>2018-12-03T15:52:21.296Z</common:last-modified-date>
                        <common:source>
                              <common:source-orcid>
                                    <common:uri>https://orcid.org/0000-0003-0902-4386</common:uri>
                                    <common:path>0000-0003-0902-4386</common:path>
                                    <common:host>orcid.org</common:host>
                              </common:source-orcid>
                              <common:source-name>Tom 'Amazing' Demeranville</common:source-name>
                        </common:source>
                        <address:country>GB</address:country>
                  </address:address>
            </address:addresses>
            <keyword:keywords path="/0000-0003-0902-4386/keywords">
                  <common:last-modified-date>2019-11-04T10:55:29.942Z</common:last-modified-date>
                  <keyword:keyword put-code="898028" visibility="public" path="/0000-0003-0902-4386/keywords/898028" display-index="2">
                        <common:created-date>2018-02-12T15:00:56.574Z</common:created-date>
                        <common:last-modified-date>2019-11-04T10:55:29.942Z</common:last-modified-date>
                        <common:source>
                              <common:source-orcid>
                                    <common:uri>https://orcid.org/0000-0003-0902-4386</common:uri>
                                    <common:path>0000-0003-0902-4386</common:path>
                                    <common:host>orcid.org</common:host>
                              </common:source-orcid>
                              <common:source-name>Tom 'Amazing' Demeranville</common:source-name>
                        </common:source>
                        <keyword:content>awesome</keyword:content>
                  </keyword:keyword>
            </keyword:keywords>
            <external-identifier:external-identifiers path="/0000-0003-0902-4386/external-identifiers"/>
      </person:person>
      <activities:activities-summary path="/0000-0003-0902-4386/activities">
            <common:last-modified-date>2021-07-15T21:13:28.211Z</common:last-modified-date>
            <activities:distinctions path="/0000-0003-0902-4386/distinctions"/>
            <activities:educations path="/0000-0003-0902-4386/educations">
                  <common:last-modified-date>2017-09-08T13:31:19.987Z</common:last-modified-date>
                  <activities:affiliation-group>
                        <common:last-modified-date>2017-09-08T13:31:19.987Z</common:last-modified-date>
                        <common:external-ids/>
                        <education:education-summary put-code="990546" display-index="0" path="/0000-0003-0902-4386/education/990546" visibility="public">
                              <common:created-date>2015-06-25T16:01:12.718Z</common:created-date>
                              <common:last-modified-date>2017-09-08T13:31:19.987Z</common:last-modified-date>
                              <common:source>
                                    <common:source-orcid>
                                          <common:uri>https://orcid.org/0000-0003-0902-4386</common:uri>
                                          <common:path>0000-0003-0902-4386</common:path>
                                          <common:host>orcid.org</common:host>
                                    </common:source-orcid>
                                    <common:source-name>Tom 'Amazing' Demeranville</common:source-name>
                              </common:source>
                              <common:department-name>Computer Science</common:department-name>
                              <common:role-title>1st class with honours</common:role-title>
                              <common:start-date>
                                    <common:year>1999</common:year>
                              </common:start-date>
                              <common:end-date>
                                    <common:year>2003</common:year>
                              </common:end-date>
                              <common:organization>
                                    <common:name>Open University</common:name>
                                    <common:address>
                                          <common:city>Milton Keynes</common:city>
                                          <common:region>Milton Keynes</common:region>
                                          <common:country>GB</common:country>
                                    </common:address>
                                    <common:disambiguated-organization>
                                          <common:disambiguated-organization-identifier>5488</common:disambiguated-organization-identifier>
                                          <common:disambiguation-source>RINGGOLD</common:disambiguation-source>
                                    </common:disambiguated-organization>
                              </common:organization>
                        </education:education-summary>
                  </activities:affiliation-group>
            </activities:educations>
            <activities:employments path="/0000-0003-0902-4386/employments">
                  <common:last-modified-date>2021-04-12T16:38:37.420Z</common:last-modified-date>
                  <activities:affiliation-group>
                        <common:last-modified-date>2021-04-12T16:38:37.420Z</common:last-modified-date>
                        <common:external-ids/>
                        <employment:employment-summary put-code="13865264" display-index="0" path="/0000-0003-0902-4386/employment/13865264" visibility="public">
                              <common:created-date>2021-01-29T10:38:10.959Z</common:created-date>
                              <common:last-modified-date>2021-04-12T16:38:37.420Z</common:last-modified-date>
                              <common:source>
                                    <common:source-client-id>
                                          <common:uri>https://orcid.org/client/APP-4B3XYWJHXCC1VLVV</common:uri>
                                          <common:path>APP-4B3XYWJHXCC1VLVV</common:path>
                                          <common:host>orcid.org</common:host>
                                    </common:source-client-id>
                                    <common:source-name>ORCID Member Portal</common:source-name>
                                    <common:assertion-origin-client-id>
                                          <common:uri>https://orcid.org/client/APP-4JQPMFVLTWA44XBJ</common:uri>
                                          <common:path>APP-4JQPMFVLTWA44XBJ</common:path>
                                          <common:host>orcid.org</common:host>
                                    </common:assertion-origin-client-id>
                                    <common:assertion-origin-name>ORCID</common:assertion-origin-name>
                              </common:source>
                              <common:department-name>Product</common:department-name>
                              <common:role-title>Director of Product</common:role-title>
                              <common:start-date>
                                    <common:year>2018</common:year>
                                    <common:month>01</common:month>
                                    <common:day>01</common:day>
                              </common:start-date>
                              <common:organization>
                                    <common:name>ORCID</common:name>
                                    <common:address>
                                          <common:city>Bethesda</common:city>
                                          <common:country>US</common:country>
                                    </common:address>
                                    <common:disambiguated-organization>
                                          <common:disambiguated-organization-identifier>grid.455335.1</common:disambiguated-organization-identifier>
                                          <common:disambiguation-source>GRID</common:disambiguation-source>
                                    </common:disambiguated-organization>
                              </common:organization>
                              <common:url>https://info.orcid.org/orcid-team/</common:url>
                        </employment:employment-summary>
                  </activities:affiliation-group>
                  <activities:affiliation-group>
                        <common:last-modified-date>2021-03-31T08:15:55.265Z</common:last-modified-date>
                        <common:external-ids/>
                        <employment:employment-summary put-code="13865265" display-index="0" path="/0000-0003-0902-4386/employment/13865265" visibility="public">
                              <common:created-date>2021-01-29T10:38:11.554Z</common:created-date>
                              <common:last-modified-date>2021-03-31T08:15:55.265Z</common:last-modified-date>
                              <common:source>
                                    <common:source-client-id>
                                          <common:uri>https://orcid.org/client/APP-4B3XYWJHXCC1VLVV</common:uri>
                                          <common:path>APP-4B3XYWJHXCC1VLVV</common:path>
                                          <common:host>orcid.org</common:host>
                                    </common:source-client-id>
                                    <common:source-name>ORCID Member Portal</common:source-name>
                                    <common:assertion-origin-client-id>
                                          <common:uri>https://orcid.org/client/APP-4JQPMFVLTWA44XBJ</common:uri>
                                          <common:path>APP-4JQPMFVLTWA44XBJ</common:path>
                                          <common:host>orcid.org</common:host>
                                    </common:assertion-origin-client-id>
                                    <common:assertion-origin-name>ORCID</common:assertion-origin-name>
                              </common:source>
                              <common:department-name>Technology</common:department-name>
                              <common:role-title>Technology Advocate</common:role-title>
                              <common:start-date>
                                    <common:year>2015</common:year>
                                    <common:month>06</common:month>
                                    <common:day>10</common:day>
                              </common:start-date>
                              <common:end-date>
                                    <common:year>2017</common:year>
                                    <common:month>12</common:month>
                                    <common:day>31</common:day>
                              </common:end-date>
                              <common:organization>
                                    <common:name>ORCID</common:name>
                                    <common:address>
                                          <common:city>Bethesda</common:city>
                                          <common:country>US</common:country>
                                    </common:address>
                                    <common:disambiguated-organization>
                                          <common:disambiguated-organization-identifier>grid.455335.1</common:disambiguated-organization-identifier>
                                          <common:disambiguation-source>GRID</common:disambiguation-source>
                                    </common:disambiguated-organization>
                              </common:organization>
                              <common:url>https://info.orcid.org/orcid-team/</common:url>
                        </employment:employment-summary>
                  </activities:affiliation-group>
                  <activities:affiliation-group>
                        <common:last-modified-date>2020-09-10T10:09:49.333Z</common:last-modified-date>
                        <common:external-ids/>
                        <employment:employment-summary put-code="990536" display-index="1" path="/0000-0003-0902-4386/employment/990536" visibility="public">
                              <common:created-date>2015-06-25T15:58:43.783Z</common:created-date>
                              <common:last-modified-date>2020-09-10T10:09:49.333Z</common:last-modified-date>
                              <common:source>
                                    <common:source-orcid>
                                          <common:uri>https://orcid.org/0000-0003-0902-4386</common:uri>
                                          <common:path>0000-0003-0902-4386</common:path>
                                          <common:host>orcid.org</common:host>
                                    </common:source-orcid>
                                    <common:source-name>Tom 'Amazing' Demeranville</common:source-name>
                              </common:source>
                              <common:department-name>ODIN Project</common:department-name>
                              <common:role-title>Technical Lead</common:role-title>
                              <common:start-date>
                                    <common:year>2013</common:year>
                                    <common:month>02</common:month>
                              </common:start-date>
                              <common:end-date>
                                    <common:year>2014</common:year>
                                    <common:month>12</common:month>
                              </common:end-date>
                              <common:organization>
                                    <common:name>British Library</common:name>
                                    <common:address>
                                          <common:city>London</common:city>
                                          <common:region>Camden</common:region>
                                          <common:country>GB</common:country>
                                    </common:address>
                                    <common:disambiguated-organization>
                                          <common:disambiguated-organization-identifier>grid.36212.34</common:disambiguated-organization-identifier>
                                          <common:disambiguation-source>GRID</common:disambiguation-source>
                                    </common:disambiguated-organization>
                              </common:organization>
                        </employment:employment-summary>
                  </activities:affiliation-group>
                  <activities:affiliation-group>
                        <common:last-modified-date>2015-06-25T16:03:04.090Z</common:last-modified-date>
                        <common:external-ids/>
                        <employment:employment-summary put-code="990539" display-index="0" path="/0000-0003-0902-4386/employment/990539" visibility="public">
                              <common:created-date>2015-06-25T15:59:36.562Z</common:created-date>
                              <common:last-modified-date>2015-06-25T16:03:04.090Z</common:last-modified-date>
                              <common:source>
                                    <common:source-orcid>
                                          <common:uri>https://orcid.org/0000-0003-0902-4386</common:uri>
                                          <common:path>0000-0003-0902-4386</common:path>
                                          <common:host>orcid.org</common:host>
                                    </common:source-orcid>
                                    <common:source-name>Tom 'Amazing' Demeranville</common:source-name>
                              </common:source>
                              <common:department-name>Athens</common:department-name>
                              <common:role-title>Senior Software Engineer</common:role-title>
                              <common:start-date>
                                    <common:year>2005</common:year>
                                    <common:month>01</common:month>
                              </common:start-date>
                              <common:end-date>
                                    <common:year>2013</common:year>
                                    <common:month>02</common:month>
                              </common:end-date>
                              <common:organization>
                                    <common:name>Eduserv Athens</common:name>
                                    <common:address>
                                          <common:city>Bath</common:city>
                                          <common:region>Bath and North East Somer</common:region>
                                          <common:country>GB</common:country>
                                    </common:address>
                                    <common:disambiguated-organization>
                                          <common:disambiguated-organization-identifier>226102</common:disambiguated-organization-identifier>
                                          <common:disambiguation-source>RINGGOLD</common:disambiguation-source>
                                    </common:disambiguated-organization>
                              </common:organization>
                        </employment:employment-summary>
                  </activities:affiliation-group>
            </activities:employments>
            <activities:fundings path="/0000-0003-0902-4386/fundings">
                  <common:last-modified-date>2021-03-10T11:29:07.162Z</common:last-modified-date>
                  <activities:group>
                        <common:last-modified-date>2021-03-10T11:29:07.162Z</common:last-modified-date>
                        <common:external-ids>
                              <common:external-id>
                                    <common:external-id-type>grant_number</common:external-id-type>
                                    <common:external-id-value>xxxx</common:external-id-value>
                                    <common:external-id-url>http://google.com</common:external-id-url>
                                    <common:external-id-relationship>self</common:external-id-relationship>
                              </common:external-id>
                        </common:external-ids>
                        <funding:funding-summary put-code="1093531" path="/0000-0003-0902-4386/funding/1093531" visibility="public" display-index="1">
                              <common:created-date>2021-03-10T11:29:07.162Z</common:created-date>
                              <common:last-modified-date>2021-03-10T11:29:07.162Z</common:last-modified-date>
                              <common:source>
                                    <common:source-orcid>
                                          <common:uri>https://orcid.org/0000-0003-0902-4386</common:uri>
                                          <common:path>0000-0003-0902-4386</common:path>
                                          <common:host>orcid.org</common:host>
                                    </common:source-orcid>
                                    <common:source-name>Tom 'Amazing' Demeranville</common:source-name>
                              </common:source>
                              <funding:title>
                                    <common:title>Test project</common:title>
                                    <common:translated-title language-code="af">cdsdsa</common:translated-title>
                              </funding:title>
                              <common:external-ids>
                                    <common:external-id>
                                          <common:external-id-type>grant_number</common:external-id-type>
                                          <common:external-id-value>xxxx</common:external-id-value>
                                          <common:external-id-url>http://google.com</common:external-id-url>
                                          <common:external-id-relationship>self</common:external-id-relationship>
                                    </common:external-id>
                              </common:external-ids>
                              <funding:type>grant</funding:type>
                              <common:start-date>
                                    <common:year>2020</common:year>
                                    <common:month>01</common:month>
                              </common:start-date>
                              <common:organization>
                                    <common:name>Wellcome Trust</common:name>
                                    <common:address>
                                          <common:city>London</common:city>
                                          <common:region>kknk</common:region>
                                          <common:country>GB</common:country>
                                    </common:address>
                                    <common:disambiguated-organization>
                                          <common:disambiguated-organization-identifier>http://dx.doi.org/10.13039/100010269</common:disambiguated-organization-identifier>
                                          <common:disambiguation-source>FUNDREF</common:disambiguation-source>
                                    </common:disambiguated-organization>
                              </common:organization>
                        </funding:funding-summary>
                  </activities:group>
                  <activities:group>
                        <common:last-modified-date>2019-12-10T19:49:26.229Z</common:last-modified-date>
                        <common:external-ids>
                              <common:external-id>
                                    <common:external-id-type>grant_number</common:external-id-type>
                                    <common:external-id-value>H2020-EU.1.4.1.3.</common:external-id-value>
                                    <common:external-id-url>http://cordis.europa.eu/project/rcn/194927_en.html</common:external-id-url>
                                    <common:external-id-relationship>self</common:external-id-relationship>
                              </common:external-id>
                        </common:external-ids>
                        <funding:funding-summary put-code="133362" path="/0000-0003-0902-4386/funding/133362" visibility="public" display-index="0">
                              <common:created-date>2015-12-08T13:16:16.370Z</common:created-date>
                              <common:last-modified-date>2019-12-10T19:49:26.229Z</common:last-modified-date>
                              <common:source>
                                    <common:source-orcid>
                                          <common:uri>https://orcid.org/0000-0003-0902-4386</common:uri>
                                          <common:path>0000-0003-0902-4386</common:path>
                                          <common:host>orcid.org</common:host>
                                    </common:source-orcid>
                                    <common:source-name>Tom 'Amazing' Demeranville</common:source-name>
                              </common:source>
                              <funding:title>
                                    <common:title>THOR - Technical and Human Infrastructure for Open Research</common:title>
                              </funding:title>
                              <common:external-ids>
                                    <common:external-id>
                                          <common:external-id-type>grant_number</common:external-id-type>
                                          <common:external-id-value>H2020-EU.1.4.1.3.</common:external-id-value>
                                          <common:external-id-url>http://cordis.europa.eu/project/rcn/194927_en.html</common:external-id-url>
                                          <common:external-id-relationship>self</common:external-id-relationship>
                                    </common:external-id>
                              </common:external-ids>
                              <funding:type>grant</funding:type>
                              <common:start-date>
                                    <common:year>2015</common:year>
                                    <common:month>06</common:month>
                              </common:start-date>
                              <common:end-date>
                                    <common:year>2017</common:year>
                                    <common:month>11</common:month>
                              </common:end-date>
                              <common:organization>
                                    <common:name>European Commission</common:name>
                                    <common:address>
                                          <common:city>Brussels</common:city>
                                          <common:country>BE</common:country>
                                    </common:address>
                                    <common:disambiguated-organization>
                                          <common:disambiguated-organization-identifier>http://dx.doi.org/10.13039/501100004964</common:disambiguated-organization-identifier>
                                          <common:disambiguation-source>FUNDREF</common:disambiguation-source>
                                    </common:disambiguated-organization>
                              </common:organization>
                        </funding:funding-summary>
                  </activities:group>
            </activities:fundings>
            <activities:invited-positions path="/0000-0003-0902-4386/invited-positions"/>
            <activities:memberships path="/0000-0003-0902-4386/memberships"/>
            <activities:peer-reviews path="/0000-0003-0902-4386/peer-reviews"/>
            <activities:qualifications path="/0000-0003-0902-4386/qualifications"/>
            <activities:research-resources path="/0000-0003-0902-4386/research-resources"/>
            <activities:services path="/0000-0003-0902-4386/services">
                  <common:last-modified-date>2021-05-27T08:37:49.723Z</common:last-modified-date>
                  <activities:affiliation-group>
                        <common:last-modified-date>2021-05-27T08:37:49.723Z</common:last-modified-date>
                        <common:external-ids/>
                        <service:service-summary put-code="14908865" display-index="1" path="/0000-0003-0902-4386/service/14908865" visibility="public">
                              <common:created-date>2021-05-27T08:34:24.315Z</common:created-date>
                              <common:last-modified-date>2021-05-27T08:37:49.723Z</common:last-modified-date>
                              <common:source>
                                    <common:source-orcid>
                                          <common:uri>https://orcid.org/0000-0003-0902-4386</common:uri>
                                          <common:path>0000-0003-0902-4386</common:path>
                                          <common:host>orcid.org</common:host>
                                    </common:source-orcid>
                                    <common:source-name>Tom 'Amazing' Demeranville</common:source-name>
                              </common:source>
                              <common:department-name>Helmholtz Metadata Collaboration Projects 2021</common:department-name>
                              <common:role-title>Grant Reviewer</common:role-title>
                              <common:start-date>
                                    <common:year>2021</common:year>
                              </common:start-date>
                              <common:end-date>
                                    <common:year>2031</common:year>
                              </common:end-date>
                              <common:organization>
                                    <common:name>Helmholtz-Gemeinschaft</common:name>
                                    <common:address>
                                          <common:city>Buch</common:city>
                                          <common:region>Berlin</common:region>
                                          <common:country>DE</common:country>
                                    </common:address>
                                    <common:disambiguated-organization>
                                          <common:disambiguated-organization-identifier>28341</common:disambiguated-organization-identifier>
                                          <common:disambiguation-source>RINGGOLD</common:disambiguation-source>
                                    </common:disambiguated-organization>
                              </common:organization>
                              <common:url>http://www.helmholtz-hida.de</common:url>
                        </service:service-summary>
                  </activities:affiliation-group>
            </activities:services>
            <activities:works path="/0000-0003-0902-4386/works">
                  <common:last-modified-date>2021-07-15T21:13:28.211Z</common:last-modified-date>
                  <activities:group>
                        <common:last-modified-date>2021-07-15T21:13:28.211Z</common:last-modified-date>
                        <common:external-ids>
                              <common:external-id>
                                    <common:external-id-type>doi</common:external-id-type>
                                    <common:external-id-value>10.18243/eon/2020.13.1.3</common:external-id-value>
                                    <common:external-id-normalized transient="true">10.18243/eon/2020.13.1.3</common:external-id-normalized>
                                    <common:external-id-relationship>self</common:external-id-relationship>
                              </common:external-id>
                              <common:external-id>
                                    <common:external-id-type>lensid</common:external-id-type>
                                    <common:external-id-value>060-310-030-268-156</common:external-id-value>
                                    <common:external-id-normalized transient="true">060-310-030-268-156</common:external-id-normalized>
                                    <common:external-id-relationship>self</common:external-id-relationship>
                              </common:external-id>
                        </common:external-ids>
                        <work:work-summary put-code="82730320" path="/0000-0003-0902-4386/work/82730320" visibility="public" display-index="0">
                              <common:created-date>2020-10-30T16:43:30.631Z</common:created-date>
                              <common:last-modified-date>2021-07-15T21:13:28.211Z</common:last-modified-date>
                              <common:source>
                                    <common:source-client-id>
                                          <common:uri>https://orcid.org/client/APP-EN52WHSMFO6TZT6B</common:uri>
                                          <common:path>APP-EN52WHSMFO6TZT6B</common:path>
                                          <common:host>orcid.org</common:host>
                                    </common:source-client-id>
                                    <common:source-name>The Lens</common:source-name>
                                    <common:assertion-origin-orcid>
                                          <common:uri>https://orcid.org/0000-0003-0902-4386</common:uri>
                                          <common:path>0000-0003-0902-4386</common:path>
                                          <common:host>orcid.org</common:host>
                                    </common:assertion-origin-orcid>
                                    <common:assertion-origin-name>Tom 'Amazing' Demeranville</common:assertion-origin-name>
                              </common:source>
                              <work:title>
                                    <common:title>Peer Review and ORCID</common:title>
                              </work:title>
                              <common:external-ids>
                                    <common:external-id>
                                          <common:external-id-type>lensid</common:external-id-type>
                                          <common:external-id-value>060-310-030-268-156</common:external-id-value>
                                          <common:external-id-normalized transient="true">060-310-030-268-156</common:external-id-normalized>
                                          <common:external-id-relationship>self</common:external-id-relationship>
                                    </common:external-id>
                                    <common:external-id>
                                          <common:external-id-type>doi</common:external-id-type>
                                          <common:external-id-value>10.18243/eon/2020.13.1.3</common:external-id-value>
                                          <common:external-id-normalized transient="true">10.18243/eon/2020.13.1.3</common:external-id-normalized>
                                          <common:external-id-relationship>self</common:external-id-relationship>
                                    </common:external-id>
                              </common:external-ids>
                              <common:url>https://www.lens.org/060-310-030-268-156</common:url>
                              <work:type>journal-article</work:type>
                              <common:publication-date>
                                    <common:year>2020</common:year>
                                    <common:month>02</common:month>
                                    <common:day>01</common:day>
                              </common:publication-date>
                              <work:journal-title>Editorial Office News</work:journal-title>
                        </work:work-summary>
                  </activities:group>
                  <activities:group>
                        <common:last-modified-date>2019-11-26T15:27:08.532Z</common:last-modified-date>
                        <common:external-ids>
                              <common:external-id>
                                    <common:external-id-type>doi</common:external-id-type>
                                    <common:external-id-value>10.5281/zenodo.3361413</common:external-id-value>
                                    <common:external-id-normalized transient="true">10.5281/zenodo.3361413</common:external-id-normalized>
                                    <common:external-id-relationship>self</common:external-id-relationship>
                              </common:external-id>
                              <common:external-id>
                                    <common:external-id-type>doi</common:external-id-type>
                                    <common:external-id-value>10.5281/zenodo.3361412</common:external-id-value>
                                    <common:external-id-normalized transient="true">10.5281/zenodo.3361412</common:external-id-normalized>
                                    <common:external-id-relationship>self</common:external-id-relationship>
                              </common:external-id>
                        </common:external-ids>
                        <work:work-summary put-code="62918349" path="/0000-0003-0902-4386/work/62918349" visibility="public" display-index="6">
                              <common:created-date>2019-10-10T13:45:10.965Z</common:created-date>
                              <common:last-modified-date>2019-11-26T15:27:08.532Z</common:last-modified-date>
                              <common:source>
                                    <common:source-client-id>
                                          <common:uri>https://orcid.org/client/0000-0001-8099-6984</common:uri>
                                          <common:path>0000-0001-8099-6984</common:path>
                                          <common:host>orcid.org</common:host>
                                    </common:source-client-id>
                                    <common:source-name>DataCite</common:source-name>
                              </common:source>
                              <work:title>
                                    <common:title>ORCID Update - RDA UK/FREYA Workshop</common:title>
                              </work:title>
                              <common:external-ids>
                                    <common:external-id>
                                          <common:external-id-type>doi</common:external-id-type>
                                          <common:external-id-value>10.5281/zenodo.3361412</common:external-id-value>
                                          <common:external-id-normalized transient="true">10.5281/zenodo.3361412</common:external-id-normalized>
                                          <common:external-id-relationship>self</common:external-id-relationship>
                                    </common:external-id>
                              </common:external-ids>
                              <work:type>other</work:type>
                              <common:publication-date>
                                    <common:year>2019</common:year>
                                    <common:month>07</common:month>
                                    <common:day>16</common:day>
                              </common:publication-date>
                              <work:journal-title>Zenodo</work:journal-title>
                        </work:work-summary>
                        <work:work-summary put-code="65131308" path="/0000-0003-0902-4386/work/65131308" visibility="public" display-index="5">
                              <common:created-date>2019-11-26T15:13:01.329Z</common:created-date>
                              <common:last-modified-date>2019-11-26T15:27:01.910Z</common:last-modified-date>
                              <common:source>
                                    <common:source-orcid>
                                          <common:uri>https://orcid.org/0000-0003-0902-4386</common:uri>
                                          <common:path>0000-0003-0902-4386</common:path>
                                          <common:host>orcid.org</common:host>
                                    </common:source-orcid>
                                    <common:source-name>Tom 'Amazing' Demeranville</common:source-name>
                              </common:source>
                              <work:title>
                                    <common:title>ORCID Update - RDA UK/FREYA Workshop</common:title>
                              </work:title>
                              <common:external-ids>
                                    <common:external-id>
                                          <common:external-id-type>doi</common:external-id-type>
                                          <common:external-id-value>10.5281/zenodo.3361413</common:external-id-value>
                                          <common:external-id-normalized transient="true">10.5281/zenodo.3361413</common:external-id-normalized>
                                          <common:external-id-relationship>self</common:external-id-relationship>
                                    </common:external-id>
                                    <common:external-id>
                                          <common:external-id-type>doi</common:external-id-type>
                                          <common:external-id-value>10.5281/zenodo.3361412</common:external-id-value>
                                          <common:external-id-normalized transient="true">10.5281/zenodo.3361412</common:external-id-normalized>
                                          <common:external-id-relationship>self</common:external-id-relationship>
                                    </common:external-id>
                              </common:external-ids>
                              <work:type>other</work:type>
                              <common:publication-date>
                                    <common:year>2019</common:year>
                                    <common:month>07</common:month>
                                    <common:day>16</common:day>
                              </common:publication-date>
                              <work:journal-title>Zenodo</work:journal-title>
                        </work:work-summary>
                        <work:work-summary put-code="62918350" path="/0000-0003-0902-4386/work/62918350" visibility="public" display-index="0">
                              <common:created-date>2019-10-10T13:45:10.997Z</common:created-date>
                              <common:last-modified-date>2019-11-26T15:26:57.485Z</common:last-modified-date>
                              <common:source>
                                    <common:source-client-id>
                                          <common:uri>https://orcid.org/client/0000-0001-8099-6984</common:uri>
                                          <common:path>0000-0001-8099-6984</common:path>
                                          <common:host>orcid.org</common:host>
                                    </common:source-client-id>
                                    <common:source-name>DataCite</common:source-name>
                              </common:source>
                              <work:title>
                                    <common:title>ORCID Update - RDA UK/FREYA Workshop</common:title>
                              </work:title>
                              <common:external-ids>
                                    <common:external-id>
                                          <common:external-id-type>doi</common:external-id-type>
                                          <common:external-id-value>10.5281/zenodo.3361412</common:external-id-value>
                                          <common:external-id-normalized transient="true">10.5281/zenodo.3361412</common:external-id-normalized>
                                          <common:external-id-relationship>self</common:external-id-relationship>
                                    </common:external-id>
                              </common:external-ids>
                              <work:type>other</work:type>
                              <common:publication-date>
                                    <common:year>2019</common:year>
                                    <common:month>07</common:month>
                                    <common:day>16</common:day>
                              </common:publication-date>
                              <work:journal-title>Zenodo</work:journal-title>
                        </work:work-summary>
                        <work:work-summary put-code="62918351" path="/0000-0003-0902-4386/work/62918351" visibility="public" display-index="0">
                              <common:created-date>2019-10-10T13:45:11.224Z</common:created-date>
                              <common:last-modified-date>2019-11-26T15:26:57.485Z</common:last-modified-date>
                              <common:source>
                                    <common:source-client-id>
                                          <common:uri>https://orcid.org/client/0000-0001-8099-6984</common:uri>
                                          <common:path>0000-0001-8099-6984</common:path>
                                          <common:host>orcid.org</common:host>
                                    </common:source-client-id>
                                    <common:source-name>DataCite</common:source-name>
                              </common:source>
                              <work:title>
                                    <common:title>ORCID Update - RDA UK/FREYA Workshop</common:title>
                              </work:title>
                              <common:external-ids>
                                    <common:external-id>
                                          <common:external-id-type>doi</common:external-id-type>
                                          <common:external-id-value>10.5281/zenodo.3361413</common:external-id-value>
                                          <common:external-id-normalized transient="true">10.5281/zenodo.3361413</common:external-id-normalized>
                                          <common:external-id-relationship>self</common:external-id-relationship>
                                    </common:external-id>
                              </common:external-ids>
                              <work:type>other</work:type>
                              <common:publication-date>
                                    <common:year>2019</common:year>
                                    <common:month>07</common:month>
                                    <common:day>16</common:day>
                              </common:publication-date>
                              <work:journal-title>Zenodo</work:journal-title>
                        </work:work-summary>
                        <work:work-summary put-code="62918352" path="/0000-0003-0902-4386/work/62918352" visibility="public" display-index="0">
                              <common:created-date>2019-10-10T13:45:11.266Z</common:created-date>
                              <common:last-modified-date>2019-11-26T15:26:57.485Z</common:last-modified-date>
                              <common:source>
                                    <common:source-client-id>
                                          <common:uri>https://orcid.org/client/0000-0001-8099-6984</common:uri>
                                          <common:path>0000-0001-8099-6984</common:path>
                                          <common:host>orcid.org</common:host>
                                    </common:source-client-id>
                                    <common:source-name>DataCite</common:source-name>
                              </common:source>
                              <work:title>
                                    <common:title>ORCID Update - RDA UK/FREYA Workshop</common:title>
                              </work:title>
                              <common:external-ids>
                                    <common:external-id>
                                          <common:external-id-type>doi</common:external-id-type>
                                          <common:external-id-value>10.5281/zenodo.3361413</common:external-id-value>
                                          <common:external-id-normalized transient="true">10.5281/zenodo.3361413</common:external-id-normalized>
                                          <common:external-id-relationship>self</common:external-id-relationship>
                                    </common:external-id>
                              </common:external-ids>
                              <work:type>other</work:type>
                              <common:publication-date>
                                    <common:year>2019</common:year>
                                    <common:month>07</common:month>
                                    <common:day>16</common:day>
                              </common:publication-date>
                              <work:journal-title>Zenodo</work:journal-title>
                        </work:work-summary>
                  </activities:group>
                  <activities:group>
                        <common:last-modified-date>2019-11-26T15:27:12.462Z</common:last-modified-date>
                        <common:external-ids>
                              <common:external-id>
                                    <common:external-id-type>doi</common:external-id-type>
                                    <common:external-id-value>10.5281/zenodo.3248652</common:external-id-value>
                                    <common:external-id-normalized transient="true">10.5281/zenodo.3248652</common:external-id-normalized>
                                    <common:external-id-relationship>self</common:external-id-relationship>
                              </common:external-id>
                        </common:external-ids>
                        <work:work-summary put-code="58593699" path="/0000-0003-0902-4386/work/58593699" visibility="public" display-index="0">
                              <common:created-date>2019-06-18T08:46:21.360Z</common:created-date>
                              <common:last-modified-date>2019-11-26T15:27:12.462Z</common:last-modified-date>
                              <common:source>
                                    <common:source-client-id>
                                          <common:uri>https://orcid.org/client/0000-0001-8099-6984</common:uri>
                                          <common:path>0000-0001-8099-6984</common:path>
                                          <common:host>orcid.org</common:host>
                                    </common:source-client-id>
                                    <common:source-name>DataCite</common:source-name>
                              </common:source>
                              <work:title>
                                    <common:title>D2.2 PID Metadata Provenance</common:title>
                              </work:title>
                              <common:external-ids>
                                    <common:external-id>
                                          <common:external-id-type>doi</common:external-id-type>
                                          <common:external-id-value>10.5281/zenodo.3248652</common:external-id-value>
                                          <common:external-id-normalized transient="true">10.5281/zenodo.3248652</common:external-id-normalized>
                                          <common:external-id-relationship>self</common:external-id-relationship>
                                    </common:external-id>
                              </common:external-ids>
                              <work:type>other</work:type>
                              <common:publication-date>
                                    <common:year>2019</common:year>
                                    <common:month>06</common:month>
                                    <common:day>18</common:day>
                              </common:publication-date>
                              <work:journal-title>Zenodo</work:journal-title>
                        </work:work-summary>
                  </activities:group>
                  <activities:group>
                        <common:last-modified-date>2019-11-26T15:27:12.462Z</common:last-modified-date>
                        <common:external-ids>
                              <common:external-id>
                                    <common:external-id-type>doi</common:external-id-type>
                                    <common:external-id-value>10.5281/zenodo.3248653</common:external-id-value>
                                    <common:external-id-normalized transient="true">10.5281/zenodo.3248653</common:external-id-normalized>
                                    <common:external-id-relationship>self</common:external-id-relationship>
                              </common:external-id>
                        </common:external-ids>
                        <work:work-summary put-code="58593700" path="/0000-0003-0902-4386/work/58593700" visibility="public" display-index="0">
                              <common:created-date>2019-06-18T08:46:21.683Z</common:created-date>
                              <common:last-modified-date>2019-11-26T15:27:12.462Z</common:last-modified-date>
                              <common:source>
                                    <common:source-client-id>
                                          <common:uri>https://orcid.org/client/0000-0001-8099-6984</common:uri>
                                          <common:path>0000-0001-8099-6984</common:path>
                                          <common:host>orcid.org</common:host>
                                    </common:source-client-id>
                                    <common:source-name>DataCite</common:source-name>
                              </common:source>
                              <work:title>
                                    <common:title>D2.2 PID Metadata Provenance</common:title>
                              </work:title>
                              <common:external-ids>
                                    <common:external-id>
                                          <common:external-id-type>doi</common:external-id-type>
                                          <common:external-id-value>10.5281/zenodo.3248653</common:external-id-value>
                                          <common:external-id-normalized transient="true">10.5281/zenodo.3248653</common:external-id-normalized>
                                          <common:external-id-relationship>self</common:external-id-relationship>
                                    </common:external-id>
                              </common:external-ids>
                              <work:type>other</work:type>
                              <common:publication-date>
                                    <common:year>2019</common:year>
                                    <common:month>06</common:month>
                                    <common:day>18</common:day>
                              </common:publication-date>
                              <work:journal-title>Zenodo</work:journal-title>
                        </work:work-summary>
                  </activities:group>
                  <activities:group>
                        <common:last-modified-date>2019-11-26T15:27:13.622Z</common:last-modified-date>
                        <common:external-ids>
                              <common:external-id>
                                    <common:external-id-type>doi</common:external-id-type>
                                    <common:external-id-value>10.23640/07243.c.4520606</common:external-id-value>
                                    <common:external-id-normalized transient="true">10.23640/07243.c.4520606</common:external-id-normalized>
                                    <common:external-id-relationship>self</common:external-id-relationship>
                              </common:external-id>
                              <common:external-id>
                                    <common:external-id-type>doi</common:external-id-type>
                                    <common:external-id-value>10.23640/07243.c.4520606.v4</common:external-id-value>
                                    <common:external-id-normalized transient="true">10.23640/07243.c.4520606.v4</common:external-id-normalized>
                                    <common:external-id-relationship>self</common:external-id-relationship>
                              </common:external-id>
                              <common:external-id>
                                    <common:external-id-type>doi</common:external-id-type>
                                    <common:external-id-value>10.23640/07243.c.4520606.v5</common:external-id-value>
                                    <common:external-id-normalized transient="true">10.23640/07243.c.4520606.v5</common:external-id-normalized>
                                    <common:external-id-relationship>self</common:external-id-relationship>
                              </common:external-id>
                              <common:external-id>
                                    <common:external-id-type>doi</common:external-id-type>
                                    <common:external-id-value>10.23640/07243.c.4520606.v1</common:external-id-value>
                                    <common:external-id-normalized transient="true">10.23640/07243.c.4520606.v1</common:external-id-normalized>
                                    <common:external-id-relationship>self</common:external-id-relationship>
                              </common:external-id>
                              <common:external-id>
                                    <common:external-id-type>doi</common:external-id-type>
                                    <common:external-id-value>10.23640/07243.c.4520606.v2</common:external-id-value>
                                    <common:external-id-normalized transient="true">10.23640/07243.c.4520606.v2</common:external-id-normalized>
                                    <common:external-id-relationship>self</common:external-id-relationship>
                              </common:external-id>
                              <common:external-id>
                                    <common:external-id-type>doi</common:external-id-type>
                                    <common:external-id-value>10.23640/07243.c.4520606.v3</common:external-id-value>
                                    <common:external-id-normalized transient="true">10.23640/07243.c.4520606.v3</common:external-id-normalized>
                                    <common:external-id-relationship>self</common:external-id-relationship>
                              </common:external-id>
                        </common:external-ids>
                        <work:work-summary put-code="57909468" path="/0000-0003-0902-4386/work/57909468" visibility="public" display-index="0">
                              <common:created-date>2019-05-28T22:15:43.919Z</common:created-date>
                              <common:last-modified-date>2019-11-26T15:27:13.622Z</common:last-modified-date>
                              <common:source>
                                    <common:source-client-id>
                                          <common:uri>https://orcid.org/client/0000-0001-8099-6984</common:uri>
                                          <common:path>0000-0001-8099-6984</common:path>
                                          <common:host>orcid.org</common:host>
                                    </common:source-client-id>
                                    <common:source-name>DataCite</common:source-name>
                              </common:source>
                              <work:title>
                                    <common:title>2019 ORCID Consortia Workshop</common:title>
                              </work:title>
                              <common:external-ids>
                                    <common:external-id>
                                          <common:external-id-type>doi</common:external-id-type>
                                          <common:external-id-value>10.23640/07243.c.4520606</common:external-id-value>
                                          <common:external-id-normalized transient="true">10.23640/07243.c.4520606</common:external-id-normalized>
                                          <common:external-id-relationship>self</common:external-id-relationship>
                                    </common:external-id>
                              </common:external-ids>
                              <work:type>other</work:type>
                              <common:publication-date>
                                    <common:year>2019</common:year>
                              </common:publication-date>
                              <work:journal-title>Figshare</work:journal-title>
                        </work:work-summary>
                        <work:work-summary put-code="57909469" path="/0000-0003-0902-4386/work/57909469" visibility="public" display-index="0">
                              <common:created-date>2019-05-28T22:15:43.921Z</common:created-date>
                              <common:last-modified-date>2019-11-26T15:27:13.622Z</common:last-modified-date>
                              <common:source>
                                    <common:source-client-id>
                                          <common:uri>https://orcid.org/client/0000-0001-8099-6984</common:uri>
                                          <common:path>0000-0001-8099-6984</common:path>
                                          <common:host>orcid.org</common:host>
                                    </common:source-client-id>
                                    <common:source-name>DataCite</common:source-name>
                              </common:source>
                              <work:title>
                                    <common:title>2019 ORCID Consortia Workshop</common:title>
                              </work:title>
                              <common:external-ids>
                                    <common:external-id>
                                          <common:external-id-type>doi</common:external-id-type>
                                          <common:external-id-value>10.23640/07243.c.4520606.v1</common:external-id-value>
                                          <common:external-id-normalized transient="true">10.23640/07243.c.4520606.v1</common:external-id-normalized>
                                          <common:external-id-relationship>self</common:external-id-relationship>
                                    </common:external-id>
                              </common:external-ids>
                              <work:type>other</work:type>
                              <common:publication-date>
                                    <common:year>2019</common:year>
                              </common:publication-date>
                              <work:journal-title>Figshare</work:journal-title>
                        </work:work-summary>
                        <work:work-summary put-code="57984299" path="/0000-0003-0902-4386/work/57984299" visibility="public" display-index="0">
                              <common:created-date>2019-05-30T17:12:19.268Z</common:created-date>
                              <common:last-modified-date>2019-11-26T15:27:13.622Z</common:last-modified-date>
                              <common:source>
                                    <common:source-client-id>
                                          <common:uri>https://orcid.org/client/0000-0001-8099-6984</common:uri>
                                          <common:path>0000-0001-8099-6984</common:path>
                                          <common:host>orcid.org</common:host>
                                    </common:source-client-id>
                                    <common:source-name>DataCite</common:source-name>
                              </common:source>
                              <work:title>
                                    <common:title>2019 ORCID Consortia Workshop</common:title>
                              </work:title>
                              <common:external-ids>
                                    <common:external-id>
                                          <common:external-id-type>doi</common:external-id-type>
                                          <common:external-id-value>10.23640/07243.c.4520606.v2</common:external-id-value>
                                          <common:external-id-normalized transient="true">10.23640/07243.c.4520606.v2</common:external-id-normalized>
                                          <common:external-id-relationship>self</common:external-id-relationship>
                                    </common:external-id>
                              </common:external-ids>
                              <work:type>other</work:type>
                              <common:publication-date>
                                    <common:year>2019</common:year>
                              </common:publication-date>
                              <work:journal-title>Figshare</work:journal-title>
                        </work:work-summary>
                        <work:work-summary put-code="57995233" path="/0000-0003-0902-4386/work/57995233" visibility="public" display-index="0">
                              <common:created-date>2019-05-30T22:40:50.611Z</common:created-date>
                              <common:last-modified-date>2019-11-26T15:27:13.622Z</common:last-modified-date>
                              <common:source>
                                    <common:source-client-id>
                                          <common:uri>https://orcid.org/client/0000-0001-8099-6984</common:uri>
                                          <common:path>0000-0001-8099-6984</common:path>
                                          <common:host>orcid.org</common:host>
                                    </common:source-client-id>
                                    <common:source-name>DataCite</common:source-name>
                              </common:source>
                              <work:title>
                                    <common:title>2019 ORCID Consortia Workshop</common:title>
                              </work:title>
                              <common:external-ids>
                                    <common:external-id>
                                          <common:external-id-type>doi</common:external-id-type>
                                          <common:external-id-value>10.23640/07243.c.4520606.v3</common:external-id-value>
                                          <common:external-id-normalized transient="true">10.23640/07243.c.4520606.v3</common:external-id-normalized>
                                          <common:external-id-relationship>self</common:external-id-relationship>
                                    </common:external-id>
                              </common:external-ids>
                              <work:type>other</work:type>
                              <common:publication-date>
                                    <common:year>2019</common:year>
                              </common:publication-date>
                              <work:journal-title>Figshare</work:journal-title>
                        </work:work-summary>
                        <work:work-summary put-code="59122648" path="/0000-0003-0902-4386/work/59122648" visibility="public" display-index="0">
                              <common:created-date>2019-07-03T22:31:23.075Z</common:created-date>
                              <common:last-modified-date>2019-11-26T15:27:13.622Z</common:last-modified-date>
                              <common:source>
                                    <common:source-client-id>
                                          <common:uri>https://orcid.org/client/0000-0001-8099-6984</common:uri>
                                          <common:path>0000-0001-8099-6984</common:path>
                                          <common:host>orcid.org</common:host>
                                    </common:source-client-id>
                                    <common:source-name>DataCite</common:source-name>
                              </common:source>
                              <work:title>
                                    <common:title>2019 ORCID Consortia Workshop</common:title>
                              </work:title>
                              <common:external-ids>
                                    <common:external-id>
                                          <common:external-id-type>doi</common:external-id-type>
                                          <common:external-id-value>10.23640/07243.c.4520606.v4</common:external-id-value>
                                          <common:external-id-normalized transient="true">10.23640/07243.c.4520606.v4</common:external-id-normalized>
                                          <common:external-id-relationship>self</common:external-id-relationship>
                                    </common:external-id>
                              </common:external-ids>
                              <work:type>other</work:type>
                              <common:publication-date>
                                    <common:year>2019</common:year>
                              </common:publication-date>
                              <work:journal-title>Figshare</work:journal-title>
                        </work:work-summary>
                        <work:work-summary put-code="59354909" path="/0000-0003-0902-4386/work/59354909" visibility="public" display-index="0">
                              <common:created-date>2019-07-10T19:13:22.074Z</common:created-date>
                              <common:last-modified-date>2019-11-26T15:27:13.622Z</common:last-modified-date>
                              <common:source>
                                    <common:source-client-id>
                                          <common:uri>https://orcid.org/client/0000-0001-8099-6984</common:uri>
                                          <common:path>0000-0001-8099-6984</common:path>
                                          <common:host>orcid.org</common:host>
                                    </common:source-client-id>
                                    <common:source-name>DataCite</common:source-name>
                              </common:source>
                              <work:title>
                                    <common:title>2019 ORCID Consortia Workshop</common:title>
                              </work:title>
                              <common:external-ids>
                                    <common:external-id>
                                          <common:external-id-type>doi</common:external-id-type>
                                          <common:external-id-value>10.23640/07243.c.4520606.v5</common:external-id-value>
                                          <common:external-id-normalized transient="true">10.23640/07243.c.4520606.v5</common:external-id-normalized>
                                          <common:external-id-relationship>self</common:external-id-relationship>
                                    </common:external-id>
                              </common:external-ids>
                              <work:type>other</work:type>
                              <common:publication-date>
                                    <common:year>2019</common:year>
                              </common:publication-date>
                              <work:journal-title>Figshare</work:journal-title>
                        </work:work-summary>
                        <work:work-summary put-code="65131311" path="/0000-0003-0902-4386/work/65131311" visibility="public" display-index="-1">
                              <common:created-date>2019-11-26T15:13:01.529Z</common:created-date>
                              <common:last-modified-date>2019-11-26T15:27:13.622Z</common:last-modified-date>
                              <common:source>
                                    <common:source-orcid>
                                          <common:uri>https://orcid.org/0000-0003-0902-4386</common:uri>
                                          <common:path>0000-0003-0902-4386</common:path>
                                          <common:host>orcid.org</common:host>
                                    </common:source-orcid>
                                    <common:source-name>Tom 'Amazing' Demeranville</common:source-name>
                              </common:source>
                              <work:title>
                                    <common:title>2019 ORCID Consortia Workshop</common:title>
                              </work:title>
                              <common:external-ids>
                                    <common:external-id>
                                          <common:external-id-type>doi</common:external-id-type>
                                          <common:external-id-value>10.23640/07243.c.4520606.v5</common:external-id-value>
                                          <common:external-id-normalized transient="true">10.23640/07243.c.4520606.v5</common:external-id-normalized>
                                          <common:external-id-relationship>self</common:external-id-relationship>
                                    </common:external-id>
                                    <common:external-id>
                                          <common:external-id-type>doi</common:external-id-type>
                                          <common:external-id-value>10.23640/07243.c.4520606.v3</common:external-id-value>
                                          <common:external-id-normalized transient="true">10.23640/07243.c.4520606.v3</common:external-id-normalized>
                                          <common:external-id-relationship>self</common:external-id-relationship>
                                    </common:external-id>
                                    <common:external-id>
                                          <common:external-id-type>doi</common:external-id-type>
                                          <common:external-id-value>10.23640/07243.c.4520606.v1</common:external-id-value>
                                          <common:external-id-normalized transient="true">10.23640/07243.c.4520606.v1</common:external-id-normalized>
                                          <common:external-id-relationship>self</common:external-id-relationship>
                                    </common:external-id>
                                    <common:external-id>
                                          <common:external-id-type>doi</common:external-id-type>
                                          <common:external-id-value>10.23640/07243.c.4520606.v4</common:external-id-value>
                                          <common:external-id-normalized transient="true">10.23640/07243.c.4520606.v4</common:external-id-normalized>
                                          <common:external-id-relationship>self</common:external-id-relationship>
                                    </common:external-id>
                                    <common:external-id>
                                          <common:external-id-type>doi</common:external-id-type>
                                          <common:external-id-value>10.23640/07243.c.4520606</common:external-id-value>
                                          <common:external-id-normalized transient="true">10.23640/07243.c.4520606</common:external-id-normalized>
                                          <common:external-id-relationship>self</common:external-id-relationship>
                                    </common:external-id>
                                    <common:external-id>
                                          <common:external-id-type>doi</common:external-id-type>
                                          <common:external-id-value>10.23640/07243.c.4520606.v2</common:external-id-value>
                                          <common:external-id-normalized transient="true">10.23640/07243.c.4520606.v2</common:external-id-normalized>
                                          <common:external-id-relationship>self</common:external-id-relationship>
                                    </common:external-id>
                              </common:external-ids>
                              <work:type>other</work:type>
                              <common:publication-date>
                                    <common:year>2019</common:year>
                              </common:publication-date>
                              <work:journal-title>Figshare</work:journal-title>
                        </work:work-summary>
                  </activities:group>
                  <activities:group>
                        <common:last-modified-date>2019-11-26T15:27:15.817Z</common:last-modified-date>
                        <common:external-ids>
                              <common:external-id>
                                    <common:external-id-type>doi</common:external-id-type>
                                    <common:external-id-value>10.23640/07243.7636361</common:external-id-value>
                                    <common:external-id-normalized transient="true">10.23640/07243.7636361</common:external-id-normalized>
                                    <common:external-id-relationship>self</common:external-id-relationship>
                              </common:external-id>
                              <common:external-id>
                                    <common:external-id-type>doi</common:external-id-type>
                                    <common:external-id-value>10.23640/07243.7636361.v1</common:external-id-value>
                                    <common:external-id-normalized transient="true">10.23640/07243.7636361.v1</common:external-id-normalized>
                                    <common:external-id-relationship>self</common:external-id-relationship>
                              </common:external-id>
                        </common:external-ids>
                        <work:work-summary put-code="53219086" path="/0000-0003-0902-4386/work/53219086" visibility="public" display-index="0">
                              <common:created-date>2019-01-27T16:27:02.231Z</common:created-date>
                              <common:last-modified-date>2019-11-26T15:27:15.817Z</common:last-modified-date>
                              <common:source>
                                    <common:source-client-id>
                                          <common:uri>https://orcid.org/client/0000-0001-8099-6984</common:uri>
                                          <common:path>0000-0001-8099-6984</common:path>
                                          <common:host>orcid.org</common:host>
                                    </common:source-client-id>
                                    <common:source-name>DataCite</common:source-name>
                              </common:source>
                              <work:title>
                                    <common:title>201901_ORCID-Orama at PIDapalooza.pdf</common:title>
                              </work:title>
                              <common:external-ids>
                                    <common:external-id>
                                          <common:external-id-type>doi</common:external-id-type>
                                          <common:external-id-value>10.23640/07243.7636361</common:external-id-value>
                                          <common:external-id-normalized transient="true">10.23640/07243.7636361</common:external-id-normalized>
                                          <common:external-id-relationship>self</common:external-id-relationship>
                                    </common:external-id>
                              </common:external-ids>
                              <work:type>other</work:type>
                              <common:publication-date>
                                    <common:year>2019</common:year>
                              </common:publication-date>
                              <work:journal-title>Figshare</work:journal-title>
                        </work:work-summary>
                        <work:work-summary put-code="53219088" path="/0000-0003-0902-4386/work/53219088" visibility="public" display-index="0">
                              <common:created-date>2019-01-27T16:27:02.383Z</common:created-date>
                              <common:last-modified-date>2019-11-26T15:27:15.817Z</common:last-modified-date>
                              <common:source>
                                    <common:source-client-id>
                                          <common:uri>https://orcid.org/client/0000-0001-8099-6984</common:uri>
                                          <common:path>0000-0001-8099-6984</common:path>
                                          <common:host>orcid.org</common:host>
                                    </common:source-client-id>
                                    <common:source-name>DataCite</common:source-name>
                              </common:source>
                              <work:title>
                                    <common:title>201901_ORCID-Orama at PIDapalooza.pdf</common:title>
                              </work:title>
                              <common:external-ids>
                                    <common:external-id>
                                          <common:external-id-type>doi</common:external-id-type>
                                          <common:external-id-value>10.23640/07243.7636361.v1</common:external-id-value>
                                          <common:external-id-normalized transient="true">10.23640/07243.7636361.v1</common:external-id-normalized>
                                          <common:external-id-relationship>self</common:external-id-relationship>
                                    </common:external-id>
                              </common:external-ids>
                              <work:type>other</work:type>
                              <common:publication-date>
                                    <common:year>2019</common:year>
                              </common:publication-date>
                              <work:journal-title>Figshare</work:journal-title>
                        </work:work-summary>
                        <work:work-summary put-code="65131297" path="/0000-0003-0902-4386/work/65131297" visibility="public" display-index="-1">
                              <common:created-date>2019-11-26T15:13:00.884Z</common:created-date>
                              <common:last-modified-date>2019-11-26T15:27:15.817Z</common:last-modified-date>
                              <common:source>
                                    <common:source-orcid>
                                          <common:uri>https://orcid.org/0000-0003-0902-4386</common:uri>
                                          <common:path>0000-0003-0902-4386</common:path>
                                          <common:host>orcid.org</common:host>
                                    </common:source-orcid>
                                    <common:source-name>Tom 'Amazing' Demeranville</common:source-name>
                              </common:source>
                              <work:title>
                                    <common:title>201901_ORCID-Orama at PIDapalooza.pdf</common:title>
                              </work:title>
                              <common:external-ids>
                                    <common:external-id>
                                          <common:external-id-type>doi</common:external-id-type>
                                          <common:external-id-value>10.23640/07243.7636361</common:external-id-value>
                                          <common:external-id-normalized transient="true">10.23640/07243.7636361</common:external-id-normalized>
                                          <common:external-id-relationship>self</common:external-id-relationship>
                                    </common:external-id>
                                    <common:external-id>
                                          <common:external-id-type>doi</common:external-id-type>
                                          <common:external-id-value>10.23640/07243.7636361.v1</common:external-id-value>
                                          <common:external-id-normalized transient="true">10.23640/07243.7636361.v1</common:external-id-normalized>
                                          <common:external-id-relationship>self</common:external-id-relationship>
                                    </common:external-id>
                              </common:external-ids>
                              <work:type>other</work:type>
                              <common:publication-date>
                                    <common:year>2019</common:year>
                              </common:publication-date>
                              <work:journal-title>Figshare</work:journal-title>
                        </work:work-summary>
                  </activities:group>
                  <activities:group>
                        <common:last-modified-date>2019-11-26T15:27:19.272Z</common:last-modified-date>
                        <common:external-ids>
                              <common:external-id>
                                    <common:external-id-type>doi</common:external-id-type>
                                    <common:external-id-value>10.23640/07243.8397554</common:external-id-value>
                                    <common:external-id-normalized transient="true">10.23640/07243.8397554</common:external-id-normalized>
                                    <common:external-id-relationship>self</common:external-id-relationship>
                              </common:external-id>
                              <common:external-id>
                                    <common:external-id-type>doi</common:external-id-type>
                                    <common:external-id-value>10.23640/07243.8397554.v1</common:external-id-value>
                                    <common:external-id-normalized transient="true">10.23640/07243.8397554.v1</common:external-id-normalized>
                                    <common:external-id-relationship>self</common:external-id-relationship>
                              </common:external-id>
                        </common:external-ids>
                        <work:work-summary put-code="59018016" path="/0000-0003-0902-4386/work/59018016" visibility="public" display-index="0">
                              <common:created-date>2019-07-01T13:25:48.372Z</common:created-date>
                              <common:last-modified-date>2019-11-26T15:27:19.272Z</common:last-modified-date>
                              <common:source>
                                    <common:source-client-id>
                                          <common:uri>https://orcid.org/client/0000-0001-8099-6984</common:uri>
                                          <common:path>0000-0001-8099-6984</common:path>
                                          <common:host>orcid.org</common:host>
                                    </common:source-client-id>
                                    <common:source-name>DataCite</common:source-name>
                              </common:source>
                              <work:title>
                                    <common:title>BLOG: ORCID and Funder Workflows - An Update</common:title>
                              </work:title>
                              <common:external-ids>
                                    <common:external-id>
                                          <common:external-id-type>doi</common:external-id-type>
                                          <common:external-id-value>10.23640/07243.8397554.v1</common:external-id-value>
                                          <common:external-id-normalized transient="true">10.23640/07243.8397554.v1</common:external-id-normalized>
                                          <common:external-id-relationship>self</common:external-id-relationship>
                                    </common:external-id>
                              </common:external-ids>
                              <work:type>other</work:type>
                              <common:publication-date>
                                    <common:year>2019</common:year>
                              </common:publication-date>
                              <work:journal-title>Figshare</work:journal-title>
                        </work:work-summary>
                        <work:work-summary put-code="59018017" path="/0000-0003-0902-4386/work/59018017" visibility="public" display-index="0">
                              <common:created-date>2019-07-01T13:25:48.454Z</common:created-date>
                              <common:last-modified-date>2019-11-26T15:27:19.272Z</common:last-modified-date>
                              <common:source>
                                    <common:source-client-id>
                                          <common:uri>https://orcid.org/client/0000-0001-8099-6984</common:uri>
                                          <common:path>0000-0001-8099-6984</common:path>
                                          <common:host>orcid.org</common:host>
                                    </common:source-client-id>
                                    <common:source-name>DataCite</common:source-name>
                              </common:source>
                              <work:title>
                                    <common:title>BLOG: ORCID and Funder Workflows - An Update</common:title>
                              </work:title>
                              <common:external-ids>
                                    <common:external-id>
                                          <common:external-id-type>doi</common:external-id-type>
                                          <common:external-id-value>10.23640/07243.8397554</common:external-id-value>
                                          <common:external-id-normalized transient="true">10.23640/07243.8397554</common:external-id-normalized>
                                          <common:external-id-relationship>self</common:external-id-relationship>
                                    </common:external-id>
                              </common:external-ids>
                              <work:type>other</work:type>
                              <common:publication-date>
                                    <common:year>2019</common:year>
                              </common:publication-date>
                              <work:journal-title>Figshare</work:journal-title>
                        </work:work-summary>
                        <work:work-summary put-code="65131295" path="/0000-0003-0902-4386/work/65131295" visibility="public" display-index="-1">
                              <common:created-date>2019-11-26T15:13:00.786Z</common:created-date>
                              <common:last-modified-date>2019-11-26T15:27:19.272Z</common:last-modified-date>
                              <common:source>
                                    <common:source-orcid>
                                          <common:uri>https://orcid.org/0000-0003-0902-4386</common:uri>
                                          <common:path>0000-0003-0902-4386</common:path>
                                          <common:host>orcid.org</common:host>
                                    </common:source-orcid>
                                    <common:source-name>Tom 'Amazing' Demeranville</common:source-name>
                              </common:source>
                              <work:title>
                                    <common:title>BLOG: ORCID and Funder Workflows - An Update</common:title>
                              </work:title>
                              <common:external-ids>
                                    <common:external-id>
                                          <common:external-id-type>doi</common:external-id-type>
                                          <common:external-id-value>10.23640/07243.8397554.v1</common:external-id-value>
                                          <common:external-id-normalized transient="true">10.23640/07243.8397554.v1</common:external-id-normalized>
                                          <common:external-id-relationship>self</common:external-id-relationship>
                                    </common:external-id>
                                    <common:external-id>
                                          <common:external-id-type>doi</common:external-id-type>
                                          <common:external-id-value>10.23640/07243.8397554</common:external-id-value>
                                          <common:external-id-normalized transient="true">10.23640/07243.8397554</common:external-id-normalized>
                                          <common:external-id-relationship>self</common:external-id-relationship>
                                    </common:external-id>
                              </common:external-ids>
                              <work:type>other</work:type>
                              <common:publication-date>
                                    <common:year>2019</common:year>
                              </common:publication-date>
                              <work:journal-title>Figshare</work:journal-title>
                        </work:work-summary>
                  </activities:group>
                  <activities:group>
                        <common:last-modified-date>2021-05-27T08:47:19.750Z</common:last-modified-date>
                        <common:external-ids>
                              <common:external-id>
                                    <common:external-id-type>doi</common:external-id-type>
                                    <common:external-id-value>10.23640/07243.8142071</common:external-id-value>
                                    <common:external-id-normalized transient="true">10.23640/07243.8142071</common:external-id-normalized>
                                    <common:external-id-relationship>self</common:external-id-relationship>
                              </common:external-id>
                              <common:external-id>
                                    <common:external-id-type>doi</common:external-id-type>
                                    <common:external-id-value>10.23640/07243.8142071.v1</common:external-id-value>
                                    <common:external-id-normalized transient="true">10.23640/07243.8142071.v1</common:external-id-normalized>
                                    <common:external-id-relationship>self</common:external-id-relationship>
                              </common:external-id>
                        </common:external-ids>
                        <work:work-summary put-code="57505223" path="/0000-0003-0902-4386/work/57505223" visibility="public" display-index="20">
                              <common:created-date>2019-05-17T00:09:32.946Z</common:created-date>
                              <common:last-modified-date>2021-05-27T08:47:19.750Z</common:last-modified-date>
                              <common:source>
                                    <common:source-client-id>
                                          <common:uri>https://orcid.org/client/0000-0001-8099-6984</common:uri>
                                          <common:path>0000-0001-8099-6984</common:path>
                                          <common:host>orcid.org</common:host>
                                    </common:source-client-id>
                                    <common:source-name>DataCite</common:source-name>
                              </common:source>
                              <work:title>
                                    <common:title>Blog: ORCID API 3.0 is here!</common:title>
                              </work:title>
                              <common:external-ids>
                                    <common:external-id>
                                          <common:external-id-type>doi</common:external-id-type>
                                          <common:external-id-value>10.23640/07243.8142071</common:external-id-value>
                                          <common:external-id-normalized transient="true">10.23640/07243.8142071</common:external-id-normalized>
                                          <common:external-id-relationship>self</common:external-id-relationship>
                                    </common:external-id>
                              </common:external-ids>
                              <work:type>other</work:type>
                              <common:publication-date>
                                    <common:year>2019</common:year>
                              </common:publication-date>
                              <work:journal-title>Figshare</work:journal-title>
                        </work:work-summary>
                        <work:work-summary put-code="65131289" path="/0000-0003-0902-4386/work/65131289" visibility="public" display-index="19">
                              <common:created-date>2019-11-26T15:13:00.111Z</common:created-date>
                              <common:last-modified-date>2021-05-27T08:47:19.750Z</common:last-modified-date>
                              <common:source>
                                    <common:source-orcid>
                                          <common:uri>https://orcid.org/0000-0003-0902-4386</common:uri>
                                          <common:path>0000-0003-0902-4386</common:path>
                                          <common:host>orcid.org</common:host>
                                    </common:source-orcid>
                                    <common:source-name>Tom 'Amazing' Demeranville</common:source-name>
                              </common:source>
                              <work:title>
                                    <common:title>Blog: ORCID API 3.0 is here!</common:title>
                              </work:title>
                              <common:external-ids>
                                    <common:external-id>
                                          <common:external-id-type>doi</common:external-id-type>
                                          <common:external-id-value>10.23640/07243.8142071.v1</common:external-id-value>
                                          <common:external-id-normalized transient="true">10.23640/07243.8142071.v1</common:external-id-normalized>
                                          <common:external-id-relationship>self</common:external-id-relationship>
                                    </common:external-id>
                                    <common:external-id>
                                          <common:external-id-type>doi</common:external-id-type>
                                          <common:external-id-value>10.23640/07243.8142071</common:external-id-value>
                                          <common:external-id-normalized transient="true">10.23640/07243.8142071</common:external-id-normalized>
                                          <common:external-id-relationship>self</common:external-id-relationship>
                                    </common:external-id>
                              </common:external-ids>
                              <work:type>other</work:type>
                              <common:publication-date>
                                    <common:year>2019</common:year>
                              </common:publication-date>
                              <work:journal-title>Figshare</work:journal-title>
                        </work:work-summary>
                        <work:work-summary put-code="57505224" path="/0000-0003-0902-4386/work/57505224" visibility="public" display-index="18">
                              <common:created-date>2019-05-17T00:09:32.955Z</common:created-date>
                              <common:last-modified-date>2021-05-27T08:47:19.750Z</common:last-modified-date>
                              <common:source>
                                    <common:source-client-id>
                                          <common:uri>https://orcid.org/client/0000-0001-8099-6984</common:uri>
                                          <common:path>0000-0001-8099-6984</common:path>
                                          <common:host>orcid.org</common:host>
                                    </common:source-client-id>
                                    <common:source-name>DataCite</common:source-name>
                              </common:source>
                              <work:title>
                                    <common:title>Blog: ORCID API 3.0 is here!</common:title>
                              </work:title>
                              <common:external-ids>
                                    <common:external-id>
                                          <common:external-id-type>doi</common:external-id-type>
                                          <common:external-id-value>10.23640/07243.8142071.v1</common:external-id-value>
                                          <common:external-id-normalized transient="true">10.23640/07243.8142071.v1</common:external-id-normalized>
                                          <common:external-id-relationship>self</common:external-id-relationship>
                                    </common:external-id>
                              </common:external-ids>
                              <work:type>other</work:type>
                              <common:publication-date>
                                    <common:year>2019</common:year>
                              </common:publication-date>
                              <work:journal-title>Figshare</work:journal-title>
                        </work:work-summary>
                  </activities:group>
                  <activities:group>
                        <common:last-modified-date>2019-11-26T15:27:21.039Z</common:last-modified-date>
                        <common:external-ids>
                              <common:external-id>
                                    <common:external-id-type>doi</common:external-id-type>
                                    <common:external-id-value>10.23640/07243.8184356.v1</common:external-id-value>
                                    <common:external-id-normalized transient="true">10.23640/07243.8184356.v1</common:external-id-normalized>
                                    <common:external-id-relationship>self</common:external-id-relationship>
                              </common:external-id>
                              <common:external-id>
                                    <common:external-id-type>doi</common:external-id-type>
                                    <common:external-id-value>10.23640/07243.8184356</common:external-id-value>
                                    <common:external-id-normalized transient="true">10.23640/07243.8184356</common:external-id-normalized>
                                    <common:external-id-relationship>self</common:external-id-relationship>
                              </common:external-id>
                        </common:external-ids>
                        <work:work-summary put-code="57792562" path="/0000-0003-0902-4386/work/57792562" visibility="public" display-index="0">
                              <common:created-date>2019-05-24T20:37:00.185Z</common:created-date>
                              <common:last-modified-date>2019-11-26T15:27:21.039Z</common:last-modified-date>
                              <common:source>
                                    <common:source-client-id>
                                          <common:uri>https://orcid.org/client/0000-0001-8099-6984</common:uri>
                                          <common:path>0000-0001-8099-6984</common:path>
                                          <common:host>orcid.org</common:host>
                                    </common:source-client-id>
                                    <common:source-name>DataCite</common:source-name>
                              </common:source>
                              <work:title>
                                    <common:title>Cooking with ORCID: Understanding and Sharing ORCID Connections</common:title>
                              </work:title>
                              <common:external-ids>
                                    <common:external-id>
                                          <common:external-id-type>doi</common:external-id-type>
                                          <common:external-id-value>10.23640/07243.8184356</common:external-id-value>
                                          <common:external-id-normalized transient="true">10.23640/07243.8184356</common:external-id-normalized>
                                          <common:external-id-relationship>self</common:external-id-relationship>
                                    </common:external-id>
                              </common:external-ids>
                              <work:type>other</work:type>
                              <common:publication-date>
                                    <common:year>2019</common:year>
                              </common:publication-date>
                              <work:journal-title>Figshare</work:journal-title>
                        </work:work-summary>
                        <work:work-summary put-code="57792563" path="/0000-0003-0902-4386/work/57792563" visibility="public" display-index="0">
                              <common:created-date>2019-05-24T20:37:00.530Z</common:created-date>
                              <common:last-modified-date>2019-11-26T15:27:21.039Z</common:last-modified-date>
                              <common:source>
                                    <common:source-client-id>
                                          <common:uri>https://orcid.org/client/0000-0001-8099-6984</common:uri>
                                          <common:path>0000-0001-8099-6984</common:path>
                                          <common:host>orcid.org</common:host>
                                    </common:source-client-id>
                                    <common:source-name>DataCite</common:source-name>
                              </common:source>
                              <work:title>
                                    <common:title>Cooking with ORCID: Understanding and Sharing ORCID Connections</common:title>
                              </work:title>
                              <common:external-ids>
                                    <common:external-id>
                                          <common:external-id-type>doi</common:external-id-type>
                                          <common:external-id-value>10.23640/07243.8184356.v1</common:external-id-value>
                                          <common:external-id-normalized transient="true">10.23640/07243.8184356.v1</common:external-id-normalized>
                                          <common:external-id-relationship>self</common:external-id-relationship>
                                    </common:external-id>
                              </common:external-ids>
                              <work:type>other</work:type>
                              <common:publication-date>
                                    <common:year>2019</common:year>
                              </common:publication-date>
                              <work:journal-title>Figshare</work:journal-title>
                        </work:work-summary>
                        <work:work-summary put-code="65131287" path="/0000-0003-0902-4386/work/65131287" visibility="public" display-index="-1">
                              <common:created-date>2019-11-26T15:12:59.985Z</common:created-date>
                              <common:last-modified-date>2019-11-26T15:27:21.039Z</common:last-modified-date>
                              <common:source>
                                    <common:source-orcid>
                                          <common:uri>https://orcid.org/0000-0003-0902-4386</common:uri>
                                          <common:path>0000-0003-0902-4386</common:path>
                                          <common:host>orcid.org</common:host>
                                    </common:source-orcid>
                                    <common:source-name>Tom 'Amazing' Demeranville</common:source-name>
                              </common:source>
                              <work:title>
                                    <common:title>Cooking with ORCID: Understanding and Sharing ORCID Connections</common:title>
                              </work:title>
                              <common:external-ids>
                                    <common:external-id>
                                          <common:external-id-type>doi</common:external-id-type>
                                          <common:external-id-value>10.23640/07243.8184356.v1</common:external-id-value>
                                          <common:external-id-normalized transient="true">10.23640/07243.8184356.v1</common:external-id-normalized>
                                          <common:external-id-relationship>self</common:external-id-relationship>
                                    </common:external-id>
                                    <common:external-id>
                                          <common:external-id-type>doi</common:external-id-type>
                                          <common:external-id-value>10.23640/07243.8184356</common:external-id-value>
                                          <common:external-id-normalized transient="true">10.23640/07243.8184356</common:external-id-normalized>
                                          <common:external-id-relationship>self</common:external-id-relationship>
                                    </common:external-id>
                              </common:external-ids>
                              <work:type>other</work:type>
                              <common:publication-date>
                                    <common:year>2019</common:year>
                              </common:publication-date>
                              <work:journal-title>Figshare</work:journal-title>
                        </work:work-summary>
                  </activities:group>
                  <activities:group>
                        <common:last-modified-date>2019-05-21T13:10:07.895Z</common:last-modified-date>
                        <common:external-ids>
                              <common:external-id>
                                    <common:external-id-type>doi</common:external-id-type>
                                    <common:external-id-value>10.23640/07243.7811459</common:external-id-value>
                                    <common:external-id-normalized transient="true">10.23640/07243.7811459</common:external-id-normalized>
                                    <common:external-id-relationship>self</common:external-id-relationship>
                              </common:external-id>
                        </common:external-ids>
                        <work:work-summary put-code="54964834" path="/0000-0003-0902-4386/work/54964834" visibility="public" display-index="0">
                              <common:created-date>2019-03-06T19:26:08.473Z</common:created-date>
                              <common:last-modified-date>2019-05-21T13:10:07.895Z</common:last-modified-date>
                              <common:source>
                                    <common:source-client-id>
                                          <common:uri>https://orcid.org/client/0000-0001-8099-6984</common:uri>
                                          <common:path>0000-0001-8099-6984</common:path>
                                          <common:host>orcid.org</common:host>
                                    </common:source-client-id>
                                    <common:source-name>DataCite</common:source-name>
                              </common:source>
                              <work:title>
                                    <common:title>ORCID Annual Report 2018 .pdf</common:title>
                              </work:title>
                              <common:external-ids>
                                    <common:external-id>
                                          <common:external-id-type>doi</common:external-id-type>
                                          <common:external-id-value>10.23640/07243.7811459</common:external-id-value>
                                          <common:external-id-normalized transient="true">10.23640/07243.7811459</common:external-id-normalized>
                                          <common:external-id-relationship>self</common:external-id-relationship>
                                    </common:external-id>
                              </common:external-ids>
                              <work:type>other</work:type>
                              <common:publication-date>
                                    <common:year>2019</common:year>
                              </common:publication-date>
                              <work:journal-title>Figshare</work:journal-title>
                        </work:work-summary>
                  </activities:group>
                  <activities:group>
                        <common:last-modified-date>2019-11-26T15:13:00.022Z</common:last-modified-date>
                        <common:external-ids>
                              <common:external-id>
                                    <common:external-id-type>doi</common:external-id-type>
                                    <common:external-id-value>10.23640/07243.5937265.v1</common:external-id-value>
                                    <common:external-id-normalized transient="true">10.23640/07243.5937265.v1</common:external-id-normalized>
                                    <common:external-id-relationship>self</common:external-id-relationship>
                              </common:external-id>
                              <common:external-id>
                                    <common:external-id-type>doi</common:external-id-type>
                                    <common:external-id-value>10.23640/07243.5937265</common:external-id-value>
                                    <common:external-id-normalized transient="true">10.23640/07243.5937265</common:external-id-normalized>
                                    <common:external-id-relationship>self</common:external-id-relationship>
                              </common:external-id>
                        </common:external-ids>
                        <work:work-summary put-code="49889596" path="/0000-0003-0902-4386/work/49889596" visibility="public" display-index="0">
                              <common:created-date>2018-10-28T10:03:18.397Z</common:created-date>
                              <common:last-modified-date>2018-12-03T15:53:08.217Z</common:last-modified-date>
                              <common:source>
                                    <common:source-client-id>
                                          <common:uri>https://orcid.org/client/0000-0001-8099-6984</common:uri>
                                          <common:path>0000-0001-8099-6984</common:path>
                                          <common:host>orcid.org</common:host>
                                    </common:source-client-id>
                                    <common:source-name>DataCite</common:source-name>
                              </common:source>
                              <work:title>
                                    <common:title>Expanding Affiliations in ORCID: An Update</common:title>
                              </work:title>
                              <common:external-ids>
                                    <common:external-id>
                                          <common:external-id-type>doi</common:external-id-type>
                                          <common:external-id-value>10.23640/07243.5937265</common:external-id-value>
                                          <common:external-id-normalized transient="true">10.23640/07243.5937265</common:external-id-normalized>
                                          <common:external-id-relationship>self</common:external-id-relationship>
                                    </common:external-id>
                              </common:external-ids>
                              <work:type>other</work:type>
                              <common:publication-date>
                                    <common:year>2018</common:year>
                              </common:publication-date>
                              <work:journal-title>Figshare</work:journal-title>
                        </work:work-summary>
                        <work:work-summary put-code="65131288" path="/0000-0003-0902-4386/work/65131288" visibility="public" display-index="-1">
                              <common:created-date>2019-11-26T15:12:59.938Z</common:created-date>
                              <common:last-modified-date>2019-11-26T15:13:00.022Z</common:last-modified-date>
                              <common:source>
                                    <common:source-orcid>
                                          <common:uri>https://orcid.org/0000-0003-0902-4386</common:uri>
                                          <common:path>0000-0003-0902-4386</common:path>
                                          <common:host>orcid.org</common:host>
                                    </common:source-orcid>
                                    <common:source-name>Tom 'Amazing' Demeranville</common:source-name>
                              </common:source>
                              <work:title>
                                    <common:title>Expanding Affiliations in ORCID: An Update</common:title>
                              </work:title>
                              <common:external-ids>
                                    <common:external-id>
                                          <common:external-id-type>doi</common:external-id-type>
                                          <common:external-id-value>10.23640/07243.5937265</common:external-id-value>
                                          <common:external-id-normalized transient="true">10.23640/07243.5937265</common:external-id-normalized>
                                          <common:external-id-relationship>self</common:external-id-relationship>
                                    </common:external-id>
                                    <common:external-id>
                                          <common:external-id-type>doi</common:external-id-type>
                                          <common:external-id-value>10.23640/07243.5937265.v1</common:external-id-value>
                                          <common:external-id-normalized transient="true">10.23640/07243.5937265.v1</common:external-id-normalized>
                                          <common:external-id-relationship>self</common:external-id-relationship>
                                    </common:external-id>
                              </common:external-ids>
                              <work:type>other</work:type>
                              <common:publication-date>
                                    <common:year>2018</common:year>
                              </common:publication-date>
                              <work:journal-title>Figshare</work:journal-title>
                        </work:work-summary>
                  </activities:group>
                  <activities:group>
                        <common:last-modified-date>2019-11-26T15:26:09.909Z</common:last-modified-date>
                        <common:external-ids>
                              <common:external-id>
                                    <common:external-id-type>doi</common:external-id-type>
                                    <common:external-id-value>10.23640/07243.7234028</common:external-id-value>
                                    <common:external-id-normalized transient="true">10.23640/07243.7234028</common:external-id-normalized>
                                    <common:external-id-relationship>self</common:external-id-relationship>
                              </common:external-id>
                              <common:external-id>
                                    <common:external-id-type>doi</common:external-id-type>
                                    <common:external-id-value>10.23640/07243.7234028.v1</common:external-id-value>
                                    <common:external-id-normalized transient="true">10.23640/07243.7234028.v1</common:external-id-normalized>
                                    <common:external-id-relationship>self</common:external-id-relationship>
                              </common:external-id>
                        </common:external-ids>
                        <work:work-summary put-code="49644705" path="/0000-0003-0902-4386/work/49644705" visibility="public" display-index="0">
                              <common:created-date>2018-10-23T06:44:25.301Z</common:created-date>
                              <common:last-modified-date>2019-11-26T15:26:09.909Z</common:last-modified-date>
                              <common:source>
                                    <common:source-client-id>
                                          <common:uri>https://orcid.org/client/0000-0001-8099-6984</common:uri>
                                          <common:path>0000-0001-8099-6984</common:path>
                                          <common:host>orcid.org</common:host>
                                    </common:source-client-id>
                                    <common:source-name>DataCite</common:source-name>
                              </common:source>
                              <work:title>
                                    <common:title>ORCID Public Data File 2018</common:title>
                              </work:title>
                              <common:external-ids>
                                    <common:external-id>
                                          <common:external-id-type>doi</common:external-id-type>
                                          <common:external-id-value>10.23640/07243.7234028</common:external-id-value>
                                          <common:external-id-normalized transient="true">10.23640/07243.7234028</common:external-id-normalized>
                                          <common:external-id-relationship>self</common:external-id-relationship>
                                    </common:external-id>
                              </common:external-ids>
                              <work:type>other</work:type>
                              <common:publication-date>
                                    <common:year>2018</common:year>
                              </common:publication-date>
                              <work:journal-title>Figshare</work:journal-title>
                        </work:work-summary>
                        <work:work-summary put-code="52097693" path="/0000-0003-0902-4386/work/52097693" visibility="public" display-index="0">
                              <common:created-date>2018-12-30T18:34:42.632Z</common:created-date>
                              <common:last-modified-date>2019-11-26T15:26:09.909Z</common:last-modified-date>
                              <common:source>
                                    <common:source-client-id>
                                          <common:uri>https://orcid.org/client/0000-0001-8099-6984</common:uri>
                                          <common:path>0000-0001-8099-6984</common:path>
                                          <common:host>orcid.org</common:host>
                                    </common:source-client-id>
                                    <common:source-name>DataCite</common:source-name>
                              </common:source>
                              <work:title>
                                    <common:title>ORCID Public Data File 2018</common:title>
                              </work:title>
                              <common:external-ids>
                                    <common:external-id>
                                          <common:external-id-type>doi</common:external-id-type>
                                          <common:external-id-value>10.23640/07243.7234028.v1</common:external-id-value>
                                          <common:external-id-normalized transient="true">10.23640/07243.7234028.v1</common:external-id-normalized>
                                          <common:external-id-relationship>self</common:external-id-relationship>
                                    </common:external-id>
                              </common:external-ids>
                              <work:type>other</work:type>
                              <common:publication-date>
                                    <common:year>2018</common:year>
                              </common:publication-date>
                              <work:journal-title>Figshare</work:journal-title>
                        </work:work-summary>
                        <work:work-summary put-code="65131302" path="/0000-0003-0902-4386/work/65131302" visibility="public" display-index="-1">
                              <common:created-date>2019-11-26T15:13:01.089Z</common:created-date>
                              <common:last-modified-date>2019-11-26T15:26:09.909Z</common:last-modified-date>
                              <common:source>
                                    <common:source-orcid>
                                          <common:uri>https://orcid.org/0000-0003-0902-4386</common:uri>
                                          <common:path>0000-0003-0902-4386</common:path>
                                          <common:host>orcid.org</common:host>
                                    </common:source-orcid>
                                    <common:source-name>Tom 'Amazing' Demeranville</common:source-name>
                              </common:source>
                              <work:title>
                                    <common:title>ORCID Public Data File 2018</common:title>
                              </work:title>
                              <common:external-ids>
                                    <common:external-id>
                                          <common:external-id-type>doi</common:external-id-type>
                                          <common:external-id-value>10.23640/07243.7234028</common:external-id-value>
                                          <common:external-id-normalized transient="true">10.23640/07243.7234028</common:external-id-normalized>
                                          <common:external-id-relationship>self</common:external-id-relationship>
                                    </common:external-id>
                                    <common:external-id>
                                          <common:external-id-type>doi</common:external-id-type>
                                          <common:external-id-value>10.23640/07243.7234028.v1</common:external-id-value>
                                          <common:external-id-normalized transient="true">10.23640/07243.7234028.v1</common:external-id-normalized>
                                          <common:external-id-relationship>self</common:external-id-relationship>
                                    </common:external-id>
                              </common:external-ids>
                              <work:type>other</work:type>
                              <common:publication-date>
                                    <common:year>2018</common:year>
                              </common:publication-date>
                              <work:journal-title>Figshare</work:journal-title>
                        </work:work-summary>
                  </activities:group>
                  <activities:group>
                        <common:last-modified-date>2019-11-26T15:26:15.460Z</common:last-modified-date>
                        <common:external-ids>
                              <common:external-id>
                                    <common:external-id-type>doi</common:external-id-type>
                                    <common:external-id-value>10.5281/ZENODO.1064011</common:external-id-value>
                                    <common:external-id-normalized transient="true">10.5281/zenodo.1064011</common:external-id-normalized>
                                    <common:external-id-relationship>self</common:external-id-relationship>
                              </common:external-id>
                              <common:external-id>
                                    <common:external-id-type>doi</common:external-id-type>
                                    <common:external-id-value>10.5281/ZENODO.1064010</common:external-id-value>
                                    <common:external-id-normalized transient="true">10.5281/zenodo.1064010</common:external-id-normalized>
                                    <common:external-id-relationship>self</common:external-id-relationship>
                              </common:external-id>
                        </common:external-ids>
                        <work:work-summary put-code="47333321" path="/0000-0003-0902-4386/work/47333321" visibility="public" display-index="0">
                              <common:created-date>2018-08-10T20:05:34.844Z</common:created-date>
                              <common:last-modified-date>2019-11-26T15:26:15.460Z</common:last-modified-date>
                              <common:source>
                                    <common:source-client-id>
                                          <common:uri>https://orcid.org/client/0000-0001-8099-6984</common:uri>
                                          <common:path>0000-0001-8099-6984</common:path>
                                          <common:host>orcid.org</common:host>
                                    </common:source-client-id>
                                    <common:source-name>DataCite</common:source-name>
                              </common:source>
                              <work:title>
                                    <common:title>Federated Identity And Identifiers</common:title>
                              </work:title>
                              <common:external-ids>
                                    <common:external-id>
                                          <common:external-id-type>doi</common:external-id-type>
                                          <common:external-id-value>10.5281/ZENODO.1064011</common:external-id-value>
                                          <common:external-id-normalized transient="true">10.5281/zenodo.1064011</common:external-id-normalized>
                                          <common:external-id-relationship>self</common:external-id-relationship>
                                    </common:external-id>
                              </common:external-ids>
                              <work:type>other</work:type>
                              <common:publication-date>
                                    <common:year>2017</common:year>
                                    <common:month>11</common:month>
                                    <common:day>21</common:day>
                              </common:publication-date>
                              <work:journal-title>Zenodo</work:journal-title>
                        </work:work-summary>
                        <work:work-summary put-code="47333322" path="/0000-0003-0902-4386/work/47333322" visibility="public" display-index="0">
                              <common:created-date>2018-08-10T20:05:35.021Z</common:created-date>
                              <common:last-modified-date>2019-11-26T15:26:15.460Z</common:last-modified-date>
                              <common:source>
                                    <common:source-client-id>
                                          <common:uri>https://orcid.org/client/0000-0001-8099-6984</common:uri>
                                          <common:path>0000-0001-8099-6984</common:path>
                                          <common:host>orcid.org</common:host>
                                    </common:source-client-id>
                                    <common:source-name>DataCite</common:source-name>
                              </common:source>
                              <work:title>
                                    <common:title>Federated Identity And Identifiers</common:title>
                              </work:title>
                              <common:external-ids>
                                    <common:external-id>
                                          <common:external-id-type>doi</common:external-id-type>
                                          <common:external-id-value>10.5281/ZENODO.1064010</common:external-id-value>
                                          <common:external-id-normalized transient="true">10.5281/zenodo.1064010</common:external-id-normalized>
                                          <common:external-id-relationship>self</common:external-id-relationship>
                                    </common:external-id>
                              </common:external-ids>
                              <work:type>other</work:type>
                              <common:publication-date>
                                    <common:year>2017</common:year>
                                    <common:month>11</common:month>
                                    <common:day>21</common:day>
                              </common:publication-date>
                              <work:journal-title>Zenodo</work:journal-title>
                        </work:work-summary>
                        <work:work-summary put-code="65131291" path="/0000-0003-0902-4386/work/65131291" visibility="public" display-index="-1">
                              <common:created-date>2019-11-26T15:13:00.140Z</common:created-date>
                              <common:last-modified-date>2019-11-26T15:26:15.460Z</common:last-modified-date>
                              <common:source>
                                    <common:source-orcid>
                                          <common:uri>https://orcid.org/0000-0003-0902-4386</common:uri>
                                          <common:path>0000-0003-0902-4386</common:path>
                                          <common:host>orcid.org</common:host>
                                    </common:source-orcid>
                                    <common:source-name>Tom 'Amazing' Demeranville</common:source-name>
                              </common:source>
                              <work:title>
                                    <common:title>Federated Identity And Identifiers</common:title>
                              </work:title>
                              <common:external-ids>
                                    <common:external-id>
                                          <common:external-id-type>doi</common:external-id-type>
                                          <common:external-id-value>10.5281/ZENODO.1064010</common:external-id-value>
                                          <common:external-id-normalized transient="true">10.5281/zenodo.1064010</common:external-id-normalized>
                                          <common:external-id-relationship>self</common:external-id-relationship>
                                    </common:external-id>
                                    <common:external-id>
                                          <common:external-id-type>doi</common:external-id-type>
                                          <common:external-id-value>10.5281/ZENODO.1064011</common:external-id-value>
                                          <common:external-id-normalized transient="true">10.5281/zenodo.1064011</common:external-id-normalized>
                                          <common:external-id-relationship>self</common:external-id-relationship>
                                    </common:external-id>
                              </common:external-ids>
                              <work:type>other</work:type>
                              <common:publication-date>
                                    <common:year>2017</common:year>
                                    <common:month>11</common:month>
                                    <common:day>21</common:day>
                              </common:publication-date>
                              <work:journal-title>Zenodo</work:journal-title>
                        </work:work-summary>
                  </activities:group>
                  <activities:group>
                        <common:last-modified-date>2019-11-26T15:26:17.780Z</common:last-modified-date>
                        <common:external-ids>
                              <common:external-id>
                                    <common:external-id-type>doi</common:external-id-type>
                                    <common:external-id-value>10.5281/ZENODO.1064018</common:external-id-value>
                                    <common:external-id-normalized transient="true">10.5281/zenodo.1064018</common:external-id-normalized>
                                    <common:external-id-relationship>self</common:external-id-relationship>
                              </common:external-id>
                              <common:external-id>
                                    <common:external-id-type>doi</common:external-id-type>
                                    <common:external-id-value>10.5281/ZENODO.1064017</common:external-id-value>
                                    <common:external-id-normalized transient="true">10.5281/zenodo.1064017</common:external-id-normalized>
                                    <common:external-id-relationship>self</common:external-id-relationship>
                              </common:external-id>
                        </common:external-ids>
                        <work:work-summary put-code="47333323" path="/0000-0003-0902-4386/work/47333323" visibility="public" display-index="0">
                              <common:created-date>2018-08-10T20:05:35.053Z</common:created-date>
                              <common:last-modified-date>2019-11-26T15:26:17.780Z</common:last-modified-date>
                              <common:source>
                                    <common:source-client-id>
                                          <common:uri>https://orcid.org/client/0000-0001-8099-6984</common:uri>
                                          <common:path>0000-0001-8099-6984</common:path>
                                          <common:host>orcid.org</common:host>
                                    </common:source-client-id>
                                    <common:source-name>DataCite</common:source-name>
                              </common:source>
                              <work:title>
                                    <common:title>Organisation Identifiers</common:title>
                              </work:title>
                              <common:external-ids>
                                    <common:external-id>
                                          <common:external-id-type>doi</common:external-id-type>
                                          <common:external-id-value>10.5281/ZENODO.1064018</common:external-id-value>
                                          <common:external-id-normalized transient="true">10.5281/zenodo.1064018</common:external-id-normalized>
                                          <common:external-id-relationship>self</common:external-id-relationship>
                                    </common:external-id>
                              </common:external-ids>
                              <work:type>other</work:type>
                              <common:publication-date>
                                    <common:year>2017</common:year>
                                    <common:month>11</common:month>
                                    <common:day>21</common:day>
                              </common:publication-date>
                              <work:journal-title>Zenodo</work:journal-title>
                        </work:work-summary>
                        <work:work-summary put-code="47333324" path="/0000-0003-0902-4386/work/47333324" visibility="public" display-index="0">
                              <common:created-date>2018-08-10T20:05:35.134Z</common:created-date>
                              <common:last-modified-date>2019-11-26T15:26:17.780Z</common:last-modified-date>
                              <common:source>
                                    <common:source-client-id>
                                          <common:uri>https://orcid.org/client/0000-0001-8099-6984</common:uri>
                                          <common:path>0000-0001-8099-6984</common:path>
                                          <common:host>orcid.org</common:host>
                                    </common:source-client-id>
                                    <common:source-name>DataCite</common:source-name>
                              </common:source>
                              <work:title>
                                    <common:title>Organisation Identifiers</common:title>
                              </work:title>
                              <common:external-ids>
                                    <common:external-id>
                                          <common:external-id-type>doi</common:external-id-type>
                                          <common:external-id-value>10.5281/ZENODO.1064017</common:external-id-value>
                                          <common:external-id-normalized transient="true">10.5281/zenodo.1064017</common:external-id-normalized>
                                          <common:external-id-relationship>self</common:external-id-relationship>
                                    </common:external-id>
                              </common:external-ids>
                              <work:type>other</work:type>
                              <common:publication-date>
                                    <common:year>2017</common:year>
                                    <common:month>11</common:month>
                                    <common:day>21</common:day>
                              </common:publication-date>
                              <work:journal-title>Zenodo</work:journal-title>
                        </work:work-summary>
                        <work:work-summary put-code="65131310" path="/0000-0003-0902-4386/work/65131310" visibility="public" display-index="-1">
                              <common:created-date>2019-11-26T15:13:01.419Z</common:created-date>
                              <common:last-modified-date>2019-11-26T15:26:17.780Z</common:last-modified-date>
                              <common:source>
                                    <common:source-orcid>
                                          <common:uri>https://orcid.org/0000-0003-0902-4386</common:uri>
                                          <common:path>0000-0003-0902-4386</common:path>
                                          <common:host>orcid.org</common:host>
                                    </common:source-orcid>
                                    <common:source-name>Tom 'Amazing' Demeranville</common:source-name>
                              </common:source>
                              <work:title>
                                    <common:title>Organisation Identifiers</common:title>
                              </work:title>
                              <common:external-ids>
                                    <common:external-id>
                                          <common:external-id-type>doi</common:external-id-type>
                                          <common:external-id-value>10.5281/ZENODO.1064018</common:external-id-value>
                                          <common:external-id-normalized transient="true">10.5281/zenodo.1064018</common:external-id-normalized>
                                          <common:external-id-relationship>self</common:external-id-relationship>
                                    </common:external-id>
                                    <common:external-id>
                                          <common:external-id-type>doi</common:external-id-type>
                                          <common:external-id-value>10.5281/ZENODO.1064017</common:external-id-value>
                                          <common:external-id-normalized transient="true">10.5281/zenodo.1064017</common:external-id-normalized>
                                          <common:external-id-relationship>self</common:external-id-relationship>
                                    </common:external-id>
                              </common:external-ids>
                              <work:type>other</work:type>
                              <common:publication-date>
                                    <common:year>2017</common:year>
                                    <common:month>11</common:month>
                                    <common:day>21</common:day>
                              </common:publication-date>
                              <work:journal-title>Zenodo</work:journal-title>
                        </work:work-summary>
                  </activities:group>
                  <activities:group>
                        <common:last-modified-date>2019-11-26T15:26:20.052Z</common:last-modified-date>
                        <common:external-ids>
                              <common:external-id>
                                    <common:external-id-type>doi</common:external-id-type>
                                    <common:external-id-value>10.5281/ZENODO.1095544</common:external-id-value>
                                    <common:external-id-normalized transient="true">10.5281/zenodo.1095544</common:external-id-normalized>
                                    <common:external-id-relationship>self</common:external-id-relationship>
                              </common:external-id>
                              <common:external-id>
                                    <common:external-id-type>doi</common:external-id-type>
                                    <common:external-id-value>10.5281/ZENODO.1095545</common:external-id-value>
                                    <common:external-id-normalized transient="true">10.5281/zenodo.1095545</common:external-id-normalized>
                                    <common:external-id-relationship>self</common:external-id-relationship>
                              </common:external-id>
                        </common:external-ids>
                        <work:work-summary put-code="47332967" path="/0000-0003-0902-4386/work/47332967" visibility="public" display-index="0">
                              <common:created-date>2018-08-10T19:56:29.989Z</common:created-date>
                              <common:last-modified-date>2019-11-26T15:26:20.052Z</common:last-modified-date>
                              <common:source>
                                    <common:source-client-id>
                                          <common:uri>https://orcid.org/client/0000-0001-8099-6984</common:uri>
                                          <common:path>0000-0001-8099-6984</common:path>
                                          <common:host>orcid.org</common:host>
                                    </common:source-client-id>
                                    <common:source-name>DataCite</common:source-name>
                              </common:source>
                              <work:title>
                                    <common:title>Recognising Peer Review With Orcid</common:title>
                              </work:title>
                              <common:external-ids>
                                    <common:external-id>
                                          <common:external-id-type>doi</common:external-id-type>
                                          <common:external-id-value>10.5281/ZENODO.1095545</common:external-id-value>
                                          <common:external-id-normalized transient="true">10.5281/zenodo.1095545</common:external-id-normalized>
                                          <common:external-id-relationship>self</common:external-id-relationship>
                                    </common:external-id>
                              </common:external-ids>
                              <work:type>conference-poster</work:type>
                              <common:publication-date>
                                    <common:year>2017</common:year>
                                    <common:month>09</common:month>
                                    <common:day>06</common:day>
                              </common:publication-date>
                              <work:journal-title>Zenodo</work:journal-title>
                        </work:work-summary>
                        <work:work-summary put-code="47332969" path="/0000-0003-0902-4386/work/47332969" visibility="public" display-index="0">
                              <common:created-date>2018-08-10T19:56:30.326Z</common:created-date>
                              <common:last-modified-date>2019-11-26T15:26:20.052Z</common:last-modified-date>
                              <common:source>
                                    <common:source-client-id>
                                          <common:uri>https://orcid.org/client/0000-0001-8099-6984</common:uri>
                                          <common:path>0000-0001-8099-6984</common:path>
                                          <common:host>orcid.org</common:host>
                                    </common:source-client-id>
                                    <common:source-name>DataCite</common:source-name>
                              </common:source>
                              <work:title>
                                    <common:title>Recognising Peer Review With Orcid</common:title>
                              </work:title>
                              <common:external-ids>
                                    <common:external-id>
                                          <common:external-id-type>doi</common:external-id-type>
                                          <common:external-id-value>10.5281/ZENODO.1095544</common:external-id-value>
                                          <common:external-id-normalized transient="true">10.5281/zenodo.1095544</common:external-id-normalized>
                                          <common:external-id-relationship>self</common:external-id-relationship>
                                    </common:external-id>
                              </common:external-ids>
                              <work:type>conference-poster</work:type>
                              <common:publication-date>
                                    <common:year>2017</common:year>
                                    <common:month>09</common:month>
                                    <common:day>06</common:day>
                              </common:publication-date>
                              <work:journal-title>Zenodo</work:journal-title>
                        </work:work-summary>
                        <work:work-summary put-code="65131309" path="/0000-0003-0902-4386/work/65131309" visibility="public" display-index="-1">
                              <common:created-date>2019-11-26T15:13:01.381Z</common:created-date>
                              <common:last-modified-date>2019-11-26T15:26:20.052Z</common:last-modified-date>
                              <common:source>
                                    <common:source-orcid>
                                          <common:uri>https://orcid.org/0000-0003-0902-4386</common:uri>
                                          <common:path>0000-0003-0902-4386</common:path>
                                          <common:host>orcid.org</common:host>
                                    </common:source-orcid>
                                    <common:source-name>Tom 'Amazing' Demeranville</common:source-name>
                              </common:source>
                              <work:title>
                                    <common:title>Recognising Peer Review With Orcid</common:title>
                              </work:title>
                              <common:external-ids>
                                    <common:external-id>
                                          <common:external-id-type>doi</common:external-id-type>
                                          <common:external-id-value>10.5281/ZENODO.1095545</common:external-id-value>
                                          <common:external-id-normalized transient="true">10.5281/zenodo.1095545</common:external-id-normalized>
                                          <common:external-id-relationship>self</common:external-id-relationship>
                                    </common:external-id>
                                    <common:external-id>
                                          <common:external-id-type>doi</common:external-id-type>
                                          <common:external-id-value>10.5281/ZENODO.1095544</common:external-id-value>
                                          <common:external-id-normalized transient="true">10.5281/zenodo.1095544</common:external-id-normalized>
                                          <common:external-id-relationship>self</common:external-id-relationship>
                                    </common:external-id>
                              </common:external-ids>
                              <work:type>conference-poster</work:type>
                              <common:publication-date>
                                    <common:year>2017</common:year>
                                    <common:month>09</common:month>
                                    <common:day>06</common:day>
                              </common:publication-date>
                              <work:journal-title>Zenodo</work:journal-title>
                        </work:work-summary>
                  </activities:group>
                  <activities:group>
                        <common:last-modified-date>2019-11-26T15:26:22.891Z</common:last-modified-date>
                        <common:external-ids>
                              <common:external-id>
                                    <common:external-id-type>doi</common:external-id-type>
                                    <common:external-id-value>10.23640/07243.5513446</common:external-id-value>
                                    <common:external-id-normalized transient="true">10.23640/07243.5513446</common:external-id-normalized>
                                    <common:external-id-relationship>self</common:external-id-relationship>
                              </common:external-id>
                              <common:external-id>
                                    <common:external-id-type>doi</common:external-id-type>
                                    <common:external-id-value>10.23640/07243.5513446.v1</common:external-id-value>
                                    <common:external-id-normalized transient="true">10.23640/07243.5513446.v1</common:external-id-normalized>
                                    <common:external-id-relationship>self</common:external-id-relationship>
                              </common:external-id>
                        </common:external-ids>
                        <work:work-summary put-code="49879486" path="/0000-0003-0902-4386/work/49879486" visibility="public" display-index="0">
                              <common:created-date>2018-10-27T19:11:51.433Z</common:created-date>
                              <common:last-modified-date>2019-11-26T15:26:22.891Z</common:last-modified-date>
                              <common:source>
                                    <common:source-client-id>
                                          <common:uri>https://orcid.org/client/0000-0001-8099-6984</common:uri>
                                          <common:path>0000-0001-8099-6984</common:path>
                                          <common:host>orcid.org</common:host>
                                    </common:source-client-id>
                                    <common:source-name>DataCite</common:source-name>
                              </common:source>
                              <work:title>
                                    <common:title>Blog Expanding Affiliations: Calling for Community Comment</common:title>
                              </work:title>
                              <common:external-ids>
                                    <common:external-id>
                                          <common:external-id-type>doi</common:external-id-type>
                                          <common:external-id-value>10.23640/07243.5513446.v1</common:external-id-value>
                                          <common:external-id-normalized transient="true">10.23640/07243.5513446.v1</common:external-id-normalized>
                                          <common:external-id-relationship>self</common:external-id-relationship>
                                    </common:external-id>
                              </common:external-ids>
                              <work:type>other</work:type>
                              <common:publication-date>
                                    <common:year>2017</common:year>
                              </common:publication-date>
                              <work:journal-title>Figshare</work:journal-title>
                        </work:work-summary>
                        <work:work-summary put-code="49879630" path="/0000-0003-0902-4386/work/49879630" visibility="public" display-index="0">
                              <common:created-date>2018-10-27T19:29:54.857Z</common:created-date>
                              <common:last-modified-date>2019-11-26T15:26:22.891Z</common:last-modified-date>
                              <common:source>
                                    <common:source-client-id>
                                          <common:uri>https://orcid.org/client/0000-0001-8099-6984</common:uri>
                                          <common:path>0000-0001-8099-6984</common:path>
                                          <common:host>orcid.org</common:host>
                                    </common:source-client-id>
                                    <common:source-name>DataCite</common:source-name>
                              </common:source>
                              <work:title>
                                    <common:title>Blog Expanding Affiliations: Calling for Community Comment</common:title>
                              </work:title>
                              <common:external-ids>
                                    <common:external-id>
                                          <common:external-id-type>doi</common:external-id-type>
                                          <common:external-id-value>10.23640/07243.5513446</common:external-id-value>
                                          <common:external-id-normalized transient="true">10.23640/07243.5513446</common:external-id-normalized>
                                          <common:external-id-relationship>self</common:external-id-relationship>
                                    </common:external-id>
                              </common:external-ids>
                              <work:type>other</work:type>
                              <common:publication-date>
                                    <common:year>2017</common:year>
                              </common:publication-date>
                              <work:journal-title>Figshare</work:journal-title>
                        </work:work-summary>
                        <work:work-summary put-code="65131294" path="/0000-0003-0902-4386/work/65131294" visibility="public" display-index="-1">
                              <common:created-date>2019-11-26T15:13:00.717Z</common:created-date>
                              <common:last-modified-date>2019-11-26T15:26:22.891Z</common:last-modified-date>
                              <common:source>
                                    <common:source-orcid>
                                          <common:uri>https://orcid.org/0000-0003-0902-4386</common:uri>
                                          <common:path>0000-0003-0902-4386</common:path>
                                          <common:host>orcid.org</common:host>
                                    </common:source-orcid>
                                    <common:source-name>Tom 'Amazing' Demeranville</common:source-name>
                              </common:source>
                              <work:title>
                                    <common:title>Blog Expanding Affiliations: Calling for Community Comment</common:title>
                              </work:title>
                              <common:external-ids>
                                    <common:external-id>
                                          <common:external-id-type>doi</common:external-id-type>
                                          <common:external-id-value>10.23640/07243.5513446.v1</common:external-id-value>
                                          <common:external-id-normalized transient="true">10.23640/07243.5513446.v1</common:external-id-normalized>
                                          <common:external-id-relationship>self</common:external-id-relationship>
                                    </common:external-id>
                                    <common:external-id>
                                          <common:external-id-type>doi</common:external-id-type>
                                          <common:external-id-value>10.23640/07243.5513446</common:external-id-value>
                                          <common:external-id-normalized transient="true">10.23640/07243.5513446</common:external-id-normalized>
                                          <common:external-id-relationship>self</common:external-id-relationship>
                                    </common:external-id>
                              </common:external-ids>
                              <work:type>other</work:type>
                              <common:publication-date>
                                    <common:year>2017</common:year>
                              </common:publication-date>
                              <work:journal-title>Figshare</work:journal-title>
                        </work:work-summary>
                  </activities:group>
                  <activities:group>
                        <common:last-modified-date>2019-11-26T15:26:24.794Z</common:last-modified-date>
                        <common:external-ids>
                              <common:external-id>
                                    <common:external-id-type>doi</common:external-id-type>
                                    <common:external-id-value>10.6084/m9.figshare.5497951.v1</common:external-id-value>
                                    <common:external-id-normalized transient="true">10.6084/m9.figshare.5497951.v1</common:external-id-normalized>
                                    <common:external-id-relationship>self</common:external-id-relationship>
                              </common:external-id>
                              <common:external-id>
                                    <common:external-id-type>doi</common:external-id-type>
                                    <common:external-id-value>10.6084/m9.figshare.5497951</common:external-id-value>
                                    <common:external-id-normalized transient="true">10.6084/m9.figshare.5497951</common:external-id-normalized>
                                    <common:external-id-relationship>self</common:external-id-relationship>
                              </common:external-id>
                        </common:external-ids>
                        <work:work-summary put-code="49879231" path="/0000-0003-0902-4386/work/49879231" visibility="public" display-index="0">
                              <common:created-date>2018-10-27T18:46:23.873Z</common:created-date>
                              <common:last-modified-date>2019-11-26T15:26:24.794Z</common:last-modified-date>
                              <common:source>
                                    <common:source-client-id>
                                          <common:uri>https://orcid.org/client/0000-0001-8099-6984</common:uri>
                                          <common:path>0000-0001-8099-6984</common:path>
                                          <common:host>orcid.org</common:host>
                                    </common:source-client-id>
                                    <common:source-name>DataCite</common:source-name>
                              </common:source>
                              <work:title>
                                    <common:title>New Affiliation Types for ORCID 3.0 API and UI - public proposal</common:title>
                              </work:title>
                              <common:external-ids>
                                    <common:external-id>
                                          <common:external-id-type>doi</common:external-id-type>
                                          <common:external-id-value>10.6084/m9.figshare.5497951</common:external-id-value>
                                          <common:external-id-normalized transient="true">10.6084/m9.figshare.5497951</common:external-id-normalized>
                                          <common:external-id-relationship>self</common:external-id-relationship>
                                    </common:external-id>
                              </common:external-ids>
                              <work:type>other</work:type>
                              <common:publication-date>
                                    <common:year>2017</common:year>
                              </common:publication-date>
                              <work:journal-title>Figshare</work:journal-title>
                        </work:work-summary>
                        <work:work-summary put-code="49879416" path="/0000-0003-0902-4386/work/49879416" visibility="public" display-index="0">
                              <common:created-date>2018-10-27T19:07:24.776Z</common:created-date>
                              <common:last-modified-date>2019-11-26T15:26:24.794Z</common:last-modified-date>
                              <common:source>
                                    <common:source-client-id>
                                          <common:uri>https://orcid.org/client/0000-0001-8099-6984</common:uri>
                                          <common:path>0000-0001-8099-6984</common:path>
                                          <common:host>orcid.org</common:host>
                                    </common:source-client-id>
                                    <common:source-name>DataCite</common:source-name>
                              </common:source>
                              <work:title>
                                    <common:title>New Affiliation Types for ORCID 3.0 API and UI - public proposal</common:title>
                              </work:title>
                              <common:external-ids>
                                    <common:external-id>
                                          <common:external-id-type>doi</common:external-id-type>
                                          <common:external-id-value>10.6084/m9.figshare.5497951.v1</common:external-id-value>
                                          <common:external-id-normalized transient="true">10.6084/m9.figshare.5497951.v1</common:external-id-normalized>
                                          <common:external-id-relationship>self</common:external-id-relationship>
                                    </common:external-id>
                              </common:external-ids>
                              <work:type>other</work:type>
                              <common:publication-date>
                                    <common:year>2017</common:year>
                              </common:publication-date>
                              <work:journal-title>Figshare</work:journal-title>
                        </work:work-summary>
                        <work:work-summary put-code="65131307" path="/0000-0003-0902-4386/work/65131307" visibility="public" display-index="-1">
                              <common:created-date>2019-11-26T15:13:01.239Z</common:created-date>
                              <common:last-modified-date>2019-11-26T15:26:24.794Z</common:last-modified-date>
                              <common:source>
                                    <common:source-orcid>
                                          <common:uri>https://orcid.org/0000-0003-0902-4386</common:uri>
                                          <common:path>0000-0003-0902-4386</common:path>
                                          <common:host>orcid.org</common:host>
                                    </common:source-orcid>
                                    <common:source-name>Tom 'Amazing' Demeranville</common:source-name>
                              </common:source>
                              <work:title>
                                    <common:title>New Affiliation Types for ORCID 3.0 API and UI - public proposal</common:title>
                              </work:title>
                              <common:external-ids>
                                    <common:external-id>
                                          <common:external-id-type>doi</common:external-id-type>
                                          <common:external-id-value>10.6084/m9.figshare.5497951.v1</common:external-id-value>
                                          <common:external-id-normalized transient="true">10.6084/m9.figshare.5497951.v1</common:external-id-normalized>
                                          <common:external-id-relationship>self</common:external-id-relationship>
                                    </common:external-id>
                                    <common:external-id>
                                          <common:external-id-type>doi</common:external-id-type>
                                          <common:external-id-value>10.6084/m9.figshare.5497951</common:external-id-value>
                                          <common:external-id-normalized transient="true">10.6084/m9.figshare.5497951</common:external-id-normalized>
                                          <common:external-id-relationship>self</common:external-id-relationship>
                                    </common:external-id>
                              </common:external-ids>
                              <work:type>other</work:type>
                              <common:publication-date>
                                    <common:year>2017</common:year>
                              </common:publication-date>
                              <work:journal-title>Figshare</work:journal-title>
                        </work:work-summary>
                  </activities:group>
                  <activities:group>
                        <common:last-modified-date>2018-12-03T15:53:32.944Z</common:last-modified-date>
                        <common:external-ids>
                              <common:external-id>
                                    <common:external-id-type>doi</common:external-id-type>
                                    <common:external-id-value>10.23640/07243.5705101.v1</common:external-id-value>
                                    <common:external-id-normalized transient="true">10.23640/07243.5705101.v1</common:external-id-normalized>
                                    <common:external-id-relationship>self</common:external-id-relationship>
                              </common:external-id>
                        </common:external-ids>
                        <work:work-summary put-code="49911513" path="/0000-0003-0902-4386/work/49911513" visibility="public" display-index="0">
                              <common:created-date>2018-10-29T07:46:46.495Z</common:created-date>
                              <common:last-modified-date>2018-12-03T15:53:32.944Z</common:last-modified-date>
                              <common:source>
                                    <common:source-client-id>
                                          <common:uri>https://orcid.org/client/0000-0001-8099-6984</common:uri>
                                          <common:path>0000-0001-8099-6984</common:path>
                                          <common:host>orcid.org</common:host>
                                    </common:source-client-id>
                                    <common:source-name>DataCite</common:source-name>
                              </common:source>
                              <work:title>
                                    <common:title>ORCID Funder Working Group Terms of Reference</common:title>
                              </work:title>
                              <common:external-ids>
                                    <common:external-id>
                                          <common:external-id-type>doi</common:external-id-type>
                                          <common:external-id-value>10.23640/07243.5705101.v1</common:external-id-value>
                                          <common:external-id-normalized transient="true">10.23640/07243.5705101.v1</common:external-id-normalized>
                                          <common:external-id-relationship>self</common:external-id-relationship>
                                    </common:external-id>
                              </common:external-ids>
                              <work:type>other</work:type>
                              <common:publication-date>
                                    <common:year>2017</common:year>
                              </common:publication-date>
                              <work:journal-title>Figshare</work:journal-title>
                        </work:work-summary>
                  </activities:group>
                  <activities:group>
                        <common:last-modified-date>2019-11-26T15:26:27.958Z</common:last-modified-date>
                        <common:external-ids>
                              <common:external-id>
                                    <common:external-id-type>doi</common:external-id-type>
                                    <common:external-id-value>10.6084/m9.figshare.5479792.v1</common:external-id-value>
                                    <common:external-id-normalized transient="true">10.6084/m9.figshare.5479792.v1</common:external-id-normalized>
                                    <common:external-id-relationship>self</common:external-id-relationship>
                              </common:external-id>
                        </common:external-ids>
                        <work:work-summary put-code="49881139" path="/0000-0003-0902-4386/work/49881139" visibility="public" display-index="0">
                              <common:created-date>2018-10-27T20:49:13.620Z</common:created-date>
                              <common:last-modified-date>2019-11-26T15:26:27.958Z</common:last-modified-date>
                              <common:source>
                                    <common:source-client-id>
                                          <common:uri>https://orcid.org/client/0000-0001-8099-6984</common:uri>
                                          <common:path>0000-0001-8099-6984</common:path>
                                          <common:host>orcid.org</common:host>
                                    </common:source-client-id>
                                    <common:source-name>DataCite</common:source-name>
                              </common:source>
                              <work:title>
                                    <common:title>ORCID Public Data File 2017</common:title>
                              </work:title>
                              <common:external-ids>
                                    <common:external-id>
                                          <common:external-id-type>doi</common:external-id-type>
                                          <common:external-id-value>10.6084/m9.figshare.5479792.v1</common:external-id-value>
                                          <common:external-id-normalized transient="true">10.6084/m9.figshare.5479792.v1</common:external-id-normalized>
                                          <common:external-id-relationship>self</common:external-id-relationship>
                                    </common:external-id>
                              </common:external-ids>
                              <work:type>other</work:type>
                              <common:publication-date>
                                    <common:year>2017</common:year>
                              </common:publication-date>
                              <work:journal-title>Figshare</work:journal-title>
                        </work:work-summary>
                  </activities:group>
                  <activities:group>
                        <common:last-modified-date>2017-12-08T16:37:49.202Z</common:last-modified-date>
                        <common:external-ids>
                              <common:external-id>
                                    <common:external-id-type>doi</common:external-id-type>
                                    <common:external-id-value>10.1016/j.procs.2017.03.040</common:external-id-value>
                                    <common:external-id-normalized transient="true">10.1016/j.procs.2017.03.040</common:external-id-normalized>
                                    <common:external-id-relationship>self</common:external-id-relationship>
                              </common:external-id>
                        </common:external-ids>
                        <work:work-summary put-code="31274082" path="/0000-0003-0902-4386/work/31274082" visibility="public" display-index="4">
                              <common:created-date>2017-03-22T15:37:30.333Z</common:created-date>
                              <common:last-modified-date>2017-12-08T16:37:49.202Z</common:last-modified-date>
                              <common:source>
                                    <common:source-client-id>
                                          <common:uri>https://orcid.org/client/0000-0002-3054-1567</common:uri>
                                          <common:path>0000-0002-3054-1567</common:path>
                                          <common:host>orcid.org</common:host>
                                    </common:source-client-id>
                                    <common:source-name>Crossref Metadata Search</common:source-name>
                                    <common:assertion-origin-orcid>
                                          <common:uri>https://orcid.org/0000-0003-0902-4386</common:uri>
                                          <common:path>0000-0003-0902-4386</common:path>
                                          <common:host>orcid.org</common:host>
                                    </common:assertion-origin-orcid>
                                    <common:assertion-origin-name>Tom 'Amazing' Demeranville</common:assertion-origin-name>
                              </common:source>
                              <work:title>
                                    <common:title>Towards a CERIF-Orcid API Adaptor: A Progress Report</common:title>
                              </work:title>
                              <common:external-ids>
                                    <common:external-id>
                                          <common:external-id-type>doi</common:external-id-type>
                                          <common:external-id-value>10.1016/j.procs.2017.03.040</common:external-id-value>
                                          <common:external-id-normalized transient="true">10.1016/j.procs.2017.03.040</common:external-id-normalized>
                                          <common:external-id-relationship>self</common:external-id-relationship>
                                    </common:external-id>
                              </common:external-ids>
                              <work:type>journal-article</work:type>
                              <common:publication-date>
                                    <common:year>2017</common:year>
                              </common:publication-date>
                              <work:journal-title>Procedia Computer Science</work:journal-title>
                        </work:work-summary>
                        <work:work-summary put-code="39452355" path="/0000-0003-0902-4386/work/39452355" visibility="public" display-index="1">
                              <common:created-date>2017-12-08T16:35:08.107Z</common:created-date>
                              <common:last-modified-date>2017-12-08T16:37:49.202Z</common:last-modified-date>
                              <common:source>
                                    <common:source-orcid>
                                          <common:uri>https://orcid.org/0000-0003-0902-4386</common:uri>
                                          <common:path>0000-0003-0902-4386</common:path>
                                          <common:host>orcid.org</common:host>
                                    </common:source-orcid>
                                    <common:source-name>Tom 'Amazing' Demeranville</common:source-name>
                              </common:source>
                              <work:title>
                                    <common:title>TEST</common:title>
                              </work:title>
                              <common:external-ids>
                                    <common:external-id>
                                          <common:external-id-type>doi</common:external-id-type>
                                          <common:external-id-value>http://doi.org/10.1016/J.PROCS.2017.03.040</common:external-id-value>
                                          <common:external-id-normalized transient="true">10.1016/j.procs.2017.03.040</common:external-id-normalized>
                                          <common:external-id-url>http://doi.org/10.1016/J.PROCS.2017.03.040</common:external-id-url>
                                          <common:external-id-relationship>self</common:external-id-relationship>
                                    </common:external-id>
                              </common:external-ids>
                              <work:type>journal-article</work:type>
                        </work:work-summary>
                  </activities:group>
                  <activities:group>
                        <common:last-modified-date>2017-03-23T14:58:06.318Z</common:last-modified-date>
                        <common:external-ids>
                              <common:external-id>
                                    <common:external-id-type>doi</common:external-id-type>
                                    <common:external-id-value>10.3390/publications4040030</common:external-id-value>
                                    <common:external-id-normalized transient="true">10.3390/publications4040030</common:external-id-normalized>
                                    <common:external-id-relationship>self</common:external-id-relationship>
                              </common:external-id>
                        </common:external-ids>
                        <work:work-summary put-code="31274084" path="/0000-0003-0902-4386/work/31274084" visibility="public" display-index="0">
                              <common:created-date>2017-03-22T15:37:37.916Z</common:created-date>
                              <common:last-modified-date>2017-03-23T14:58:06.318Z</common:last-modified-date>
                              <common:source>
                                    <common:source-client-id>
                                          <common:uri>https://orcid.org/client/0000-0002-3054-1567</common:uri>
                                          <common:path>0000-0002-3054-1567</common:path>
                                          <common:host>orcid.org</common:host>
                                    </common:source-client-id>
                                    <common:source-name>Crossref Metadata Search</common:source-name>
                                    <common:assertion-origin-orcid>
                                          <common:uri>https://orcid.org/0000-0003-0902-4386</common:uri>
                                          <common:path>0000-0003-0902-4386</common:path>
                                          <common:host>orcid.org</common:host>
                                    </common:assertion-origin-orcid>
                                    <common:assertion-origin-name>Tom 'Amazing' Demeranville</common:assertion-origin-name>
                              </common:source>
                              <work:title>
                                    <common:title>Open Access in Context: Connecting Authors, Publications and Workflows Using ORCID Identifiers</common:title>
                              </work:title>
                              <common:external-ids>
                                    <common:external-id>
                                          <common:external-id-type>doi</common:external-id-type>
                                          <common:external-id-value>10.3390/publications4040030</common:external-id-value>
                                          <common:external-id-normalized transient="true">10.3390/publications4040030</common:external-id-normalized>
                                          <common:external-id-relationship>self</common:external-id-relationship>
                                    </common:external-id>
                              </common:external-ids>
                              <work:type>journal-article</work:type>
                              <common:publication-date>
                                    <common:year>2016</common:year>
                                    <common:month>09</common:month>
                              </common:publication-date>
                              <work:journal-title>Publications</work:journal-title>
                        </work:work-summary>
                  </activities:group>
                  <activities:group>
                        <common:last-modified-date>2019-11-26T15:26:31.207Z</common:last-modified-date>
                        <common:external-ids>
                              <common:external-id>
                                    <common:external-id-type>doi</common:external-id-type>
                                    <common:external-id-value>10.6084/M9.FIGSHARE.4134027.V1</common:external-id-value>
                                    <common:external-id-normalized transient="true">10.6084/m9.figshare.4134027.v1</common:external-id-normalized>
                                    <common:external-id-relationship>self</common:external-id-relationship>
                              </common:external-id>
                              <common:external-id>
                                    <common:external-id-type>doi</common:external-id-type>
                                    <common:external-id-value>10.6084/M9.FIGSHARE.4134027</common:external-id-value>
                                    <common:external-id-normalized transient="true">10.6084/m9.figshare.4134027</common:external-id-normalized>
                                    <common:external-id-relationship>self</common:external-id-relationship>
                              </common:external-id>
                        </common:external-ids>
                        <work:work-summary put-code="30033663" path="/0000-0003-0902-4386/work/30033663" visibility="public" display-index="0">
                              <common:created-date>2017-02-02T19:47:53.752Z</common:created-date>
                              <common:last-modified-date>2019-11-26T15:26:31.207Z</common:last-modified-date>
                              <common:source>
                                    <common:source-client-id>
                                          <common:uri>https://orcid.org/client/0000-0001-8099-6984</common:uri>
                                          <common:path>0000-0001-8099-6984</common:path>
                                          <common:host>orcid.org</common:host>
                                    </common:source-client-id>
                                    <common:source-name>DataCite</common:source-name>
                              </common:source>
                              <work:title>
                                    <common:title>ORCID Public Data File 2016</common:title>
                              </work:title>
                              <common:external-ids>
                                    <common:external-id>
                                          <common:external-id-type>doi</common:external-id-type>
                                          <common:external-id-value>10.6084/M9.FIGSHARE.4134027.V1</common:external-id-value>
                                          <common:external-id-normalized transient="true">10.6084/m9.figshare.4134027.v1</common:external-id-normalized>
                                          <common:external-id-relationship>self</common:external-id-relationship>
                                    </common:external-id>
                              </common:external-ids>
                              <work:type>data-set</work:type>
                              <common:publication-date>
                                    <common:year>2016</common:year>
                              </common:publication-date>
                              <work:journal-title>Figshare</work:journal-title>
                        </work:work-summary>
                        <work:work-summary put-code="30033669" path="/0000-0003-0902-4386/work/30033669" visibility="public" display-index="0">
                              <common:created-date>2017-02-02T19:47:56.255Z</common:created-date>
                              <common:last-modified-date>2019-11-26T15:26:31.207Z</common:last-modified-date>
                              <common:source>
                                    <common:source-client-id>
                                          <common:uri>https://orcid.org/client/0000-0001-8099-6984</common:uri>
                                          <common:path>0000-0001-8099-6984</common:path>
                                          <common:host>orcid.org</common:host>
                                    </common:source-client-id>
                                    <common:source-name>DataCite</common:source-name>
                              </common:source>
                              <work:title>
                                    <common:title>ORCID Public Data File 2016</common:title>
                              </work:title>
                              <common:external-ids>
                                    <common:external-id>
                                          <common:external-id-type>doi</common:external-id-type>
                                          <common:external-id-value>10.6084/M9.FIGSHARE.4134027</common:external-id-value>
                                          <common:external-id-normalized transient="true">10.6084/m9.figshare.4134027</common:external-id-normalized>
                                          <common:external-id-relationship>self</common:external-id-relationship>
                                    </common:external-id>
                              </common:external-ids>
                              <work:type>data-set</work:type>
                              <common:publication-date>
                                    <common:year>2016</common:year>
                              </common:publication-date>
                              <work:journal-title>Figshare</work:journal-title>
                        </work:work-summary>
                        <work:work-summary put-code="65131304" path="/0000-0003-0902-4386/work/65131304" visibility="public" display-index="-1">
                              <common:created-date>2019-11-26T15:13:01.171Z</common:created-date>
                              <common:last-modified-date>2019-11-26T15:26:31.207Z</common:last-modified-date>
                              <common:source>
                                    <common:source-orcid>
                                          <common:uri>https://orcid.org/0000-0003-0902-4386</common:uri>
                                          <common:path>0000-0003-0902-4386</common:path>
                                          <common:host>orcid.org</common:host>
                                    </common:source-orcid>
                                    <common:source-name>Tom 'Amazing' Demeranville</common:source-name>
                              </common:source>
                              <work:title>
                                    <common:title>ORCID Public Data File 2016</common:title>
                              </work:title>
                              <common:external-ids>
                                    <common:external-id>
                                          <common:external-id-type>doi</common:external-id-type>
                                          <common:external-id-value>10.6084/M9.FIGSHARE.4134027.V1</common:external-id-value>
                                          <common:external-id-normalized transient="true">10.6084/m9.figshare.4134027.v1</common:external-id-normalized>
                                          <common:external-id-relationship>self</common:external-id-relationship>
                                    </common:external-id>
                                    <common:external-id>
                                          <common:external-id-type>doi</common:external-id-type>
                                          <common:external-id-value>10.6084/M9.FIGSHARE.4134027</common:external-id-value>
                                          <common:external-id-normalized transient="true">10.6084/m9.figshare.4134027</common:external-id-normalized>
                                          <common:external-id-relationship>self</common:external-id-relationship>
                                    </common:external-id>
                              </common:external-ids>
                              <work:type>data-set</work:type>
                              <common:publication-date>
                                    <common:year>2016</common:year>
                              </common:publication-date>
                              <work:journal-title>Figshare</work:journal-title>
                        </work:work-summary>
                  </activities:group>
                  <activities:group>
                        <common:last-modified-date>2019-11-26T15:26:33.177Z</common:last-modified-date>
                        <common:external-ids>
                              <common:external-id>
                                    <common:external-id-type>doi</common:external-id-type>
                                    <common:external-id-value>10.6084/M9.FIGSHARE.3479141</common:external-id-value>
                                    <common:external-id-normalized transient="true">10.6084/m9.figshare.3479141</common:external-id-normalized>
                                    <common:external-id-relationship>self</common:external-id-relationship>
                              </common:external-id>
                              <common:external-id>
                                    <common:external-id-type>doi</common:external-id-type>
                                    <common:external-id-value>10.6084/M9.FIGSHARE.3479141.V1</common:external-id-value>
                                    <common:external-id-normalized transient="true">10.6084/m9.figshare.3479141.v1</common:external-id-normalized>
                                    <common:external-id-relationship>self</common:external-id-relationship>
                              </common:external-id>
                        </common:external-ids>
                        <work:work-summary put-code="30033648" path="/0000-0003-0902-4386/work/30033648" visibility="public" display-index="0">
                              <common:created-date>2017-02-02T19:47:40.138Z</common:created-date>
                              <common:last-modified-date>2019-11-26T15:26:33.177Z</common:last-modified-date>
                              <common:source>
                                    <common:source-client-id>
                                          <common:uri>https://orcid.org/client/0000-0001-8099-6984</common:uri>
                                          <common:path>0000-0001-8099-6984</common:path>
                                          <common:host>orcid.org</common:host>
                                    </common:source-client-id>
                                    <common:source-name>DataCite</common:source-name>
                              </common:source>
                              <work:title>
                                    <common:title>Organisation Identifiers - Minimum viable product requirements</common:title>
                              </work:title>
                              <common:external-ids>
                                    <common:external-id>
                                          <common:external-id-type>doi</common:external-id-type>
                                          <common:external-id-value>10.6084/M9.FIGSHARE.3479141</common:external-id-value>
                                          <common:external-id-normalized transient="true">10.6084/m9.figshare.3479141</common:external-id-normalized>
                                          <common:external-id-relationship>self</common:external-id-relationship>
                                    </common:external-id>
                              </common:external-ids>
                              <work:type>data-set</work:type>
                              <common:publication-date>
                                    <common:year>2016</common:year>
                              </common:publication-date>
                              <work:journal-title>Figshare</work:journal-title>
                        </work:work-summary>
                        <work:work-summary put-code="30033650" path="/0000-0003-0902-4386/work/30033650" visibility="public" display-index="0">
                              <common:created-date>2017-02-02T19:47:40.927Z</common:created-date>
                              <common:last-modified-date>2019-11-26T15:26:33.177Z</common:last-modified-date>
                              <common:source>
                                    <common:source-client-id>
                                          <common:uri>https://orcid.org/client/0000-0001-8099-6984</common:uri>
                                          <common:path>0000-0001-8099-6984</common:path>
                                          <common:host>orcid.org</common:host>
                                    </common:source-client-id>
                                    <common:source-name>DataCite</common:source-name>
                              </common:source>
                              <work:title>
                                    <common:title>Organisation Identifiers - Minimum viable product requirements</common:title>
                              </work:title>
                              <common:external-ids>
                                    <common:external-id>
                                          <common:external-id-type>doi</common:external-id-type>
                                          <common:external-id-value>10.6084/M9.FIGSHARE.3479141.V1</common:external-id-value>
                                          <common:external-id-normalized transient="true">10.6084/m9.figshare.3479141.v1</common:external-id-normalized>
                                          <common:external-id-relationship>self</common:external-id-relationship>
                                    </common:external-id>
                              </common:external-ids>
                              <work:type>data-set</work:type>
                              <common:publication-date>
                                    <common:year>2016</common:year>
                              </common:publication-date>
                              <work:journal-title>Figshare</work:journal-title>
                        </work:work-summary>
                        <work:work-summary put-code="65131305" path="/0000-0003-0902-4386/work/65131305" visibility="public" display-index="-1">
                              <common:created-date>2019-11-26T15:13:01.219Z</common:created-date>
                              <common:last-modified-date>2019-11-26T15:26:33.177Z</common:last-modified-date>
                              <common:source>
                                    <common:source-orcid>
                                          <common:uri>https://orcid.org/0000-0003-0902-4386</common:uri>
                                          <common:path>0000-0003-0902-4386</common:path>
                                          <common:host>orcid.org</common:host>
                                    </common:source-orcid>
                                    <common:source-name>Tom 'Amazing' Demeranville</common:source-name>
                              </common:source>
                              <work:title>
                                    <common:title>Organisation Identifiers - Minimum viable product requirements</common:title>
                              </work:title>
                              <common:external-ids>
                                    <common:external-id>
                                          <common:external-id-type>doi</common:external-id-type>
                                          <common:external-id-value>10.6084/M9.FIGSHARE.3479141.V1</common:external-id-value>
                                          <common:external-id-normalized transient="true">10.6084/m9.figshare.3479141.v1</common:external-id-normalized>
                                          <common:external-id-relationship>self</common:external-id-relationship>
                                    </common:external-id>
                                    <common:external-id>
                                          <common:external-id-type>doi</common:external-id-type>
                                          <common:external-id-value>10.6084/M9.FIGSHARE.3479141</common:external-id-value>
                                          <common:external-id-normalized transient="true">10.6084/m9.figshare.3479141</common:external-id-normalized>
                                          <common:external-id-relationship>self</common:external-id-relationship>
                                    </common:external-id>
                              </common:external-ids>
                              <work:type>data-set</work:type>
                              <common:publication-date>
                                    <common:year>2016</common:year>
                              </common:publication-date>
                              <work:journal-title>Figshare</work:journal-title>
                        </work:work-summary>
                  </activities:group>
                  <activities:group>
                        <common:last-modified-date>2017-01-30T17:06:08.268Z</common:last-modified-date>
                        <common:external-ids>
                              <common:external-id>
                                    <common:external-id-type>doi</common:external-id-type>
                                    <common:external-id-value>10.5438/4716</common:external-id-value>
                                    <common:external-id-normalized transient="true">10.5438/4716</common:external-id-normalized>
                                    <common:external-id-relationship>self</common:external-id-relationship>
                              </common:external-id>
                        </common:external-ids>
                        <work:work-summary put-code="28953231" path="/0000-0003-0902-4386/work/28953231" visibility="public" display-index="0">
                              <common:created-date>2016-12-20T11:07:48.353Z</common:created-date>
                              <common:last-modified-date>2017-01-30T17:06:08.268Z</common:last-modified-date>
                              <common:source>
                                    <common:source-client-id>
                                          <common:uri>https://orcid.org/client/0000-0001-8099-6984</common:uri>
                                          <common:path>0000-0001-8099-6984</common:path>
                                          <common:host>orcid.org</common:host>
                                    </common:source-client-id>
                                    <common:source-name>DataCite</common:source-name>
                              </common:source>
                              <work:title>
                                    <common:title>Organisation identifiers: current provider survey</common:title>
                              </work:title>
                              <common:external-ids>
                                    <common:external-id>
                                          <common:external-id-type>doi</common:external-id-type>
                                          <common:external-id-value>10.5438/4716</common:external-id-value>
                                          <common:external-id-normalized transient="true">10.5438/4716</common:external-id-normalized>
                                          <common:external-id-relationship>self</common:external-id-relationship>
                                    </common:external-id>
                              </common:external-ids>
                              <work:type>other</work:type>
                              <common:publication-date>
                                    <common:year>2016</common:year>
                              </common:publication-date>
                              <work:journal-title>ORCID</work:journal-title>
                        </work:work-summary>
                  </activities:group>
                  <activities:group>
                        <common:last-modified-date>2019-11-26T15:26:37.587Z</common:last-modified-date>
                        <common:external-ids>
                              <common:external-id>
                                    <common:external-id-type>doi</common:external-id-type>
                                    <common:external-id-value>10.6084/M9.FIGSHARE.4216323.V1</common:external-id-value>
                                    <common:external-id-normalized transient="true">10.6084/m9.figshare.4216323.v1</common:external-id-normalized>
                                    <common:external-id-relationship>self</common:external-id-relationship>
                              </common:external-id>
                              <common:external-id>
                                    <common:external-id-type>doi</common:external-id-type>
                                    <common:external-id-value>10.6084/M9.FIGSHARE.4216323.V2</common:external-id-value>
                                    <common:external-id-normalized transient="true">10.6084/m9.figshare.4216323.v2</common:external-id-normalized>
                                    <common:external-id-relationship>self</common:external-id-relationship>
                              </common:external-id>
                              <common:external-id>
                                    <common:external-id-type>doi</common:external-id-type>
                                    <common:external-id-value>10.6084/M9.FIGSHARE.4216323</common:external-id-value>
                                    <common:external-id-normalized transient="true">10.6084/m9.figshare.4216323</common:external-id-normalized>
                                    <common:external-id-relationship>self</common:external-id-relationship>
                              </common:external-id>
                        </common:external-ids>
                        <work:work-summary put-code="36950116" path="/0000-0003-0902-4386/work/36950116" visibility="public" display-index="1">
                              <common:created-date>2017-02-02T16:29:20.041Z</common:created-date>
                              <common:last-modified-date>2019-11-26T15:26:37.587Z</common:last-modified-date>
                              <common:source>
                                    <common:source-orcid>
                                          <common:uri>https://orcid.org/0000-0003-0902-4386</common:uri>
                                          <common:path>0000-0003-0902-4386</common:path>
                                          <common:host>orcid.org</common:host>
                                    </common:source-orcid>
                                    <common:source-name>Tom 'Amazing' Demeranville</common:source-name>
                              </common:source>
                              <work:title>
                                    <common:title>Project Identifiers</common:title>
                              </work:title>
                              <common:external-ids>
                                    <common:external-id>
                                          <common:external-id-type>doi</common:external-id-type>
                                          <common:external-id-value>10.6084/M9.FIGSHARE.4216323.V2</common:external-id-value>
                                          <common:external-id-normalized transient="true">10.6084/m9.figshare.4216323.v2</common:external-id-normalized>
                                          <common:external-id-relationship>self</common:external-id-relationship>
                                    </common:external-id>
                                    <common:external-id>
                                          <common:external-id-type>doi</common:external-id-type>
                                          <common:external-id-value>10.6084/M9.FIGSHARE.4216323</common:external-id-value>
                                          <common:external-id-normalized transient="true">10.6084/m9.figshare.4216323</common:external-id-normalized>
                                          <common:external-id-relationship>self</common:external-id-relationship>
                                    </common:external-id>
                                    <common:external-id>
                                          <common:external-id-type>doi</common:external-id-type>
                                          <common:external-id-value>10.6084/M9.FIGSHARE.4216323.V1</common:external-id-value>
                                          <common:external-id-normalized transient="true">10.6084/m9.figshare.4216323.v1</common:external-id-normalized>
                                          <common:external-id-relationship>self</common:external-id-relationship>
                                    </common:external-id>
                              </common:external-ids>
                              <common:url>http://example.com</common:url>
                              <work:type>other</work:type>
                              <common:publication-date>
                                    <common:year>2016</common:year>
                              </common:publication-date>
                              <work:journal-title>Figshare</work:journal-title>
                        </work:work-summary>
                        <work:work-summary put-code="30033717" path="/0000-0003-0902-4386/work/30033717" visibility="public" display-index="0">
                              <common:created-date>2017-02-02T19:49:39.203Z</common:created-date>
                              <common:last-modified-date>2019-11-26T15:26:37.587Z</common:last-modified-date>
                              <common:source>
                                    <common:source-client-id>
                                          <common:uri>https://orcid.org/client/0000-0001-8099-6984</common:uri>
                                          <common:path>0000-0001-8099-6984</common:path>
                                          <common:host>orcid.org</common:host>
                                    </common:source-client-id>
                                    <common:source-name>DataCite</common:source-name>
                              </common:source>
                              <work:title>
                                    <common:title>Project Identifiers</common:title>
                              </work:title>
                              <common:external-ids>
                                    <common:external-id>
                                          <common:external-id-type>doi</common:external-id-type>
                                          <common:external-id-value>10.6084/M9.FIGSHARE.4216323</common:external-id-value>
                                          <common:external-id-normalized transient="true">10.6084/m9.figshare.4216323</common:external-id-normalized>
                                          <common:external-id-relationship>self</common:external-id-relationship>
                                    </common:external-id>
                              </common:external-ids>
                              <work:type>other</work:type>
                              <common:publication-date>
                                    <common:year>2016</common:year>
                              </common:publication-date>
                              <work:journal-title>Figshare</work:journal-title>
                        </work:work-summary>
                        <work:work-summary put-code="30033719" path="/0000-0003-0902-4386/work/30033719" visibility="public" display-index="0">
                              <common:created-date>2017-02-02T19:49:39.744Z</common:created-date>
                              <common:last-modified-date>2019-11-26T15:26:37.587Z</common:last-modified-date>
                              <common:source>
                                    <common:source-client-id>
                                          <common:uri>https://orcid.org/client/0000-0001-8099-6984</common:uri>
                                          <common:path>0000-0001-8099-6984</common:path>
                                          <common:host>orcid.org</common:host>
                                    </common:source-client-id>
                                    <common:source-name>DataCite</common:source-name>
                              </common:source>
                              <work:title>
                                    <common:title>Project Identifiers</common:title>
                              </work:title>
                              <common:external-ids>
                                    <common:external-id>
                                          <common:external-id-type>doi</common:external-id-type>
                                          <common:external-id-value>10.6084/M9.FIGSHARE.4216323.V1</common:external-id-value>
                                          <common:external-id-normalized transient="true">10.6084/m9.figshare.4216323.v1</common:external-id-normalized>
                                          <common:external-id-relationship>self</common:external-id-relationship>
                                    </common:external-id>
                              </common:external-ids>
                              <work:type>other</work:type>
                              <common:publication-date>
                                    <common:year>2016</common:year>
                              </common:publication-date>
                              <work:journal-title>Figshare</work:journal-title>
                        </work:work-summary>
                        <work:work-summary put-code="30033721" path="/0000-0003-0902-4386/work/30033721" visibility="public" display-index="0">
                              <common:created-date>2017-02-02T19:49:40.265Z</common:created-date>
                              <common:last-modified-date>2019-11-26T15:26:37.587Z</common:last-modified-date>
                              <common:source>
                                    <common:source-client-id>
                                          <common:uri>https://orcid.org/client/0000-0001-8099-6984</common:uri>
                                          <common:path>0000-0001-8099-6984</common:path>
                                          <common:host>orcid.org</common:host>
                                    </common:source-client-id>
                                    <common:source-name>DataCite</common:source-name>
                              </common:source>
                              <work:title>
                                    <common:title>Project Identifiers</common:title>
                              </work:title>
                              <common:external-ids>
                                    <common:external-id>
                                          <common:external-id-type>doi</common:external-id-type>
                                          <common:external-id-value>10.6084/M9.FIGSHARE.4216323.V2</common:external-id-value>
                                          <common:external-id-normalized transient="true">10.6084/m9.figshare.4216323.v2</common:external-id-normalized>
                                          <common:external-id-relationship>self</common:external-id-relationship>
                                    </common:external-id>
                              </common:external-ids>
                              <work:type>other</work:type>
                              <common:publication-date>
                                    <common:year>2016</common:year>
                              </common:publication-date>
                              <work:journal-title>Figshare</work:journal-title>
                        </work:work-summary>
                  </activities:group>
                  <activities:group>
                        <common:last-modified-date>2016-12-20T11:14:09.080Z</common:last-modified-date>
                        <common:external-ids>
                              <common:external-id>
                                    <common:external-id-type>doi</common:external-id-type>
                                    <common:external-id-value>10.5281/ZENODO.48228</common:external-id-value>
                                    <common:external-id-normalized transient="true">10.5281/zenodo.48228</common:external-id-normalized>
                                    <common:external-id-relationship>self</common:external-id-relationship>
                              </common:external-id>
                        </common:external-ids>
                        <work:work-summary put-code="23239358" path="/0000-0003-0902-4386/work/23239358" visibility="public" display-index="0">
                              <common:created-date>2016-03-31T09:23:46.870Z</common:created-date>
                              <common:last-modified-date>2016-12-20T11:14:09.080Z</common:last-modified-date>
                              <common:source>
                                    <common:source-client-id>
                                          <common:uri>https://orcid.org/client/0000-0001-8099-6984</common:uri>
                                          <common:path>0000-0001-8099-6984</common:path>
                                          <common:host>orcid.org</common:host>
                                    </common:source-client-id>
                                    <common:source-name>DataCite</common:source-name>
                              </common:source>
                              <work:title>
                                    <common:title>THOR Communications Plan</common:title>
                              </work:title>
                              <common:external-ids>
                                    <common:external-id>
                                          <common:external-id-type>doi</common:external-id-type>
                                          <common:external-id-value>10.5281/ZENODO.48228</common:external-id-value>
                                          <common:external-id-normalized transient="true">10.5281/zenodo.48228</common:external-id-normalized>
                                          <common:external-id-relationship>self</common:external-id-relationship>
                                    </common:external-id>
                              </common:external-ids>
                              <work:type>other</work:type>
                              <common:publication-date>
                                    <common:year>2016</common:year>
                              </common:publication-date>
                              <work:journal-title>Zenodo</work:journal-title>
                        </work:work-summary>
                  </activities:group>
                  <activities:group>
                        <common:last-modified-date>2016-12-20T11:14:09.080Z</common:last-modified-date>
                        <common:external-ids>
                              <common:external-id>
                                    <common:external-id-type>doi</common:external-id-type>
                                    <common:external-id-value>10.5281/ZENODO.48705</common:external-id-value>
                                    <common:external-id-normalized transient="true">10.5281/zenodo.48705</common:external-id-normalized>
                                    <common:external-id-relationship>self</common:external-id-relationship>
                              </common:external-id>
                        </common:external-ids>
                        <work:work-summary put-code="24798864" path="/0000-0003-0902-4386/work/24798864" visibility="public" display-index="0">
                              <common:created-date>2016-06-17T12:54:30.578Z</common:created-date>
                              <common:last-modified-date>2016-12-20T11:14:09.080Z</common:last-modified-date>
                              <common:source>
                                    <common:source-client-id>
                                          <common:uri>https://orcid.org/client/0000-0001-8099-6984</common:uri>
                                          <common:path>0000-0001-8099-6984</common:path>
                                          <common:host>orcid.org</common:host>
                                    </common:source-client-id>
                                    <common:source-name>DataCite</common:source-name>
                              </common:source>
                              <work:title>
                                    <common:title>THOR: Conceptual Model of Persistent Identifier Linking</common:title>
                              </work:title>
                              <common:external-ids>
                                    <common:external-id>
                                          <common:external-id-type>doi</common:external-id-type>
                                          <common:external-id-value>10.5281/ZENODO.48705</common:external-id-value>
                                          <common:external-id-normalized transient="true">10.5281/zenodo.48705</common:external-id-normalized>
                                          <common:external-id-relationship>self</common:external-id-relationship>
                                    </common:external-id>
                              </common:external-ids>
                              <work:type>other</work:type>
                              <common:publication-date>
                                    <common:year>2016</common:year>
                              </common:publication-date>
                              <work:journal-title>Zenodo</work:journal-title>
                        </work:work-summary>
                  </activities:group>
                  <activities:group>
                        <common:last-modified-date>2016-12-20T11:14:09.080Z</common:last-modified-date>
                        <common:external-ids>
                              <common:external-id>
                                    <common:external-id-type>doi</common:external-id-type>
                                    <common:external-id-value>10.5281/ZENODO.46761</common:external-id-value>
                                    <common:external-id-normalized transient="true">10.5281/zenodo.46761</common:external-id-normalized>
                                    <common:external-id-relationship>self</common:external-id-relationship>
                              </common:external-id>
                        </common:external-ids>
                        <work:work-summary put-code="25382907" path="/0000-0003-0902-4386/work/25382907" visibility="public" display-index="0">
                              <common:created-date>2016-07-13T16:29:29.403Z</common:created-date>
                              <common:last-modified-date>2016-12-20T11:14:09.080Z</common:last-modified-date>
                              <common:source>
                                    <common:source-client-id>
                                          <common:uri>https://orcid.org/client/0000-0001-8099-6984</common:uri>
                                          <common:path>0000-0001-8099-6984</common:path>
                                          <common:host>orcid.org</common:host>
                                    </common:source-client-id>
                                    <common:source-name>DataCite</common:source-name>
                              </common:source>
                              <work:title>
                                    <common:title>THOR: Metrics and Tools</common:title>
                              </work:title>
                              <common:external-ids>
                                    <common:external-id>
                                          <common:external-id-type>doi</common:external-id-type>
                                          <common:external-id-value>10.5281/ZENODO.46761</common:external-id-value>
                                          <common:external-id-normalized transient="true">10.5281/zenodo.46761</common:external-id-normalized>
                                          <common:external-id-relationship>self</common:external-id-relationship>
                                    </common:external-id>
                              </common:external-ids>
                              <work:type>other</work:type>
                              <common:publication-date>
                                    <common:year>2016</common:year>
                              </common:publication-date>
                              <work:journal-title>Zenodo</work:journal-title>
                        </work:work-summary>
                  </activities:group>
                  <activities:group>
                        <common:last-modified-date>2017-02-24T15:32:36.224Z</common:last-modified-date>
                        <common:external-ids>
                              <common:external-id>
                                    <common:external-id-type>doi</common:external-id-type>
                                    <common:external-id-value>10.5438/7885</common:external-id-value>
                                    <common:external-id-normalized transient="true">10.5438/7885</common:external-id-normalized>
                                    <common:external-id-relationship>self</common:external-id-relationship>
                              </common:external-id>
                        </common:external-ids>
                        <work:work-summary put-code="30033723" path="/0000-0003-0902-4386/work/30033723" visibility="public" display-index="0">
                              <common:created-date>2017-02-02T19:49:43.697Z</common:created-date>
                              <common:last-modified-date>2017-02-24T15:32:36.224Z</common:last-modified-date>
                              <common:source>
                                    <common:source-client-id>
                                          <common:uri>https://orcid.org/client/0000-0001-8099-6984</common:uri>
                                          <common:path>0000-0001-8099-6984</common:path>
                                          <common:host>orcid.org</common:host>
                                    </common:source-client-id>
                                    <common:source-name>DataCite</common:source-name>
                              </common:source>
                              <work:title>
                                    <common:title>Technical Considerations for an Organization Identifier Registry</common:title>
                              </work:title>
                              <common:external-ids>
                                    <common:external-id>
                                          <common:external-id-type>doi</common:external-id-type>
                                          <common:external-id-value>10.5438/7885</common:external-id-value>
                                          <common:external-id-normalized transient="true">10.5438/7885</common:external-id-normalized>
                                          <common:external-id-relationship>self</common:external-id-relationship>
                                    </common:external-id>
                              </common:external-ids>
                              <work:type>other</work:type>
                              <common:publication-date>
                                    <common:year>2016</common:year>
                              </common:publication-date>
                              <work:journal-title>ORCID</work:journal-title>
                        </work:work-summary>
                  </activities:group>
                  <activities:group>
                        <common:last-modified-date>2019-11-26T15:27:40.886Z</common:last-modified-date>
                        <common:external-ids>
                              <common:external-id>
                                    <common:external-id-type>doi</common:external-id-type>
                                    <common:external-id-value>10.6084/M9.FIGSHARE.1598096.V1</common:external-id-value>
                                    <common:external-id-normalized transient="true">10.6084/m9.figshare.1598096.v1</common:external-id-normalized>
                                    <common:external-id-relationship>self</common:external-id-relationship>
                              </common:external-id>
                              <common:external-id>
                                    <common:external-id-type>doi</common:external-id-type>
                                    <common:external-id-value>10.6084/m9.figshare.1598096</common:external-id-value>
                                    <common:external-id-normalized transient="true">10.6084/m9.figshare.1598096</common:external-id-normalized>
                                    <common:external-id-relationship>self</common:external-id-relationship>
                              </common:external-id>
                        </common:external-ids>
                        <work:work-summary put-code="20140994" path="/0000-0003-0902-4386/work/20140994" visibility="public" display-index="0">
                              <common:created-date>2015-11-10T15:35:41.596Z</common:created-date>
                              <common:last-modified-date>2019-11-26T15:27:40.886Z</common:last-modified-date>
                              <common:source>
                                    <common:source-client-id>
                                          <common:uri>https://orcid.org/client/0000-0001-9892-9368</common:uri>
                                          <common:path>0000-0001-9892-9368</common:path>
                                          <common:host>orcid.org</common:host>
                                    </common:source-client-id>
                                    <common:source-name>figshare</common:source-name>
                              </common:source>
                              <work:title>
                                    <common:title>ORCID and CERIF</common:title>
                              </work:title>
                              <common:external-ids>
                                    <common:external-id>
                                          <common:external-id-type>doi</common:external-id-type>
                                          <common:external-id-value>10.6084/m9.figshare.1598096</common:external-id-value>
                                          <common:external-id-normalized transient="true">10.6084/m9.figshare.1598096</common:external-id-normalized>
                                          <common:external-id-relationship>self</common:external-id-relationship>
                                    </common:external-id>
                              </common:external-ids>
                              <work:type>other</work:type>
                              <common:publication-date>
                                    <common:year>2015</common:year>
                                    <common:month>11</common:month>
                              </common:publication-date>
                        </work:work-summary>
                        <work:work-summary put-code="29928496" path="/0000-0003-0902-4386/work/29928496" visibility="public" display-index="0">
                              <common:created-date>2017-01-30T16:12:29.245Z</common:created-date>
                              <common:last-modified-date>2019-11-26T15:27:40.886Z</common:last-modified-date>
                              <common:source>
                                    <common:source-client-id>
                                          <common:uri>https://orcid.org/client/0000-0001-8099-6984</common:uri>
                                          <common:path>0000-0001-8099-6984</common:path>
                                          <common:host>orcid.org</common:host>
                                    </common:source-client-id>
                                    <common:source-name>DataCite</common:source-name>
                              </common:source>
                              <work:title>
                                    <common:title>ORCID and CERIF</common:title>
                              </work:title>
                              <common:external-ids>
                                    <common:external-id>
                                          <common:external-id-type>doi</common:external-id-type>
                                          <common:external-id-value>10.6084/M9.FIGSHARE.1598096</common:external-id-value>
                                          <common:external-id-normalized transient="true">10.6084/m9.figshare.1598096</common:external-id-normalized>
                                          <common:external-id-relationship>self</common:external-id-relationship>
                                    </common:external-id>
                              </common:external-ids>
                              <work:type>data-set</work:type>
                              <common:publication-date>
                                    <common:year>2015</common:year>
                              </common:publication-date>
                              <work:journal-title>Figshare</work:journal-title>
                        </work:work-summary>
                        <work:work-summary put-code="30033863" path="/0000-0003-0902-4386/work/30033863" visibility="public" display-index="0">
                              <common:created-date>2017-02-02T19:52:09.536Z</common:created-date>
                              <common:last-modified-date>2019-11-26T15:27:40.886Z</common:last-modified-date>
                              <common:source>
                                    <common:source-client-id>
                                          <common:uri>https://orcid.org/client/0000-0001-8099-6984</common:uri>
                                          <common:path>0000-0001-8099-6984</common:path>
                                          <common:host>orcid.org</common:host>
                                    </common:source-client-id>
                                    <common:source-name>DataCite</common:source-name>
                              </common:source>
                              <work:title>
                                    <common:title>ORCID and CERIF</common:title>
                              </work:title>
                              <common:external-ids>
                                    <common:external-id>
                                          <common:external-id-type>doi</common:external-id-type>
                                          <common:external-id-value>10.6084/M9.FIGSHARE.1598096.V1</common:external-id-value>
                                          <common:external-id-normalized transient="true">10.6084/m9.figshare.1598096.v1</common:external-id-normalized>
                                          <common:external-id-relationship>self</common:external-id-relationship>
                                    </common:external-id>
                              </common:external-ids>
                              <work:type>data-set</work:type>
                              <common:publication-date>
                                    <common:year>2015</common:year>
                              </common:publication-date>
                              <work:journal-title>Figshare</work:journal-title>
                        </work:work-summary>
                        <work:work-summary put-code="65131301" path="/0000-0003-0902-4386/work/65131301" visibility="public" display-index="-1">
                              <common:created-date>2019-11-26T15:13:01.040Z</common:created-date>
                              <common:last-modified-date>2019-11-26T15:27:40.886Z</common:last-modified-date>
                              <common:source>
                                    <common:source-orcid>
                                          <common:uri>https://orcid.org/0000-0003-0902-4386</common:uri>
                                          <common:path>0000-0003-0902-4386</common:path>
                                          <common:host>orcid.org</common:host>
                                    </common:source-orcid>
                                    <common:source-name>Tom 'Amazing' Demeranville</common:source-name>
                              </common:source>
                              <work:title>
                                    <common:title>ORCID and CERIF</common:title>
                              </work:title>
                              <common:external-ids>
                                    <common:external-id>
                                          <common:external-id-type>doi</common:external-id-type>
                                          <common:external-id-value>10.6084/m9.figshare.1598096</common:external-id-value>
                                          <common:external-id-normalized transient="true">10.6084/m9.figshare.1598096</common:external-id-normalized>
                                          <common:external-id-relationship>self</common:external-id-relationship>
                                    </common:external-id>
                                    <common:external-id>
                                          <common:external-id-type>doi</common:external-id-type>
                                          <common:external-id-value>10.6084/M9.FIGSHARE.1598096.V1</common:external-id-value>
                                          <common:external-id-normalized transient="true">10.6084/m9.figshare.1598096.v1</common:external-id-normalized>
                                          <common:external-id-relationship>self</common:external-id-relationship>
                                    </common:external-id>
                              </common:external-ids>
                              <work:type>other</work:type>
                              <common:publication-date>
                                    <common:year>2015</common:year>
                                    <common:month>11</common:month>
                              </common:publication-date>
                        </work:work-summary>
                  </activities:group>
                  <activities:group>
                        <common:last-modified-date>2016-12-20T11:14:09.080Z</common:last-modified-date>
                        <common:external-ids>
                              <common:external-id>
                                    <common:external-id-type>doi</common:external-id-type>
                                    <common:external-id-value>10.5281/ZENODO.30799</common:external-id-value>
                                    <common:external-id-normalized transient="true">10.5281/zenodo.30799</common:external-id-normalized>
                                    <common:external-id-relationship>self</common:external-id-relationship>
                              </common:external-id>
                        </common:external-ids>
                        <work:work-summary put-code="23239361" path="/0000-0003-0902-4386/work/23239361" visibility="public" display-index="0">
                              <common:created-date>2016-03-31T09:24:01.937Z</common:created-date>
                              <common:last-modified-date>2016-12-20T11:14:09.080Z</common:last-modified-date>
                              <common:source>
                                    <common:source-client-id>
                                          <common:uri>https://orcid.org/client/0000-0001-8099-6984</common:uri>
                                          <common:path>0000-0001-8099-6984</common:path>
                                          <common:host>orcid.org</common:host>
                                    </common:source-client-id>
                                    <common:source-name>DataCite</common:source-name>
                              </common:source>
                              <work:title>
                                    <common:title>D2.1: Artefact, Contributor, and Organisation Relationship Data Schema</common:title>
                              </work:title>
                              <common:external-ids>
                                    <common:external-id>
                                          <common:external-id-type>doi</common:external-id-type>
                                          <common:external-id-value>10.5281/ZENODO.30799</common:external-id-value>
                                          <common:external-id-normalized transient="true">10.5281/zenodo.30799</common:external-id-normalized>
                                          <common:external-id-relationship>self</common:external-id-relationship>
                                    </common:external-id>
                              </common:external-ids>
                              <work:type>other</work:type>
                              <common:publication-date>
                                    <common:year>2015</common:year>
                              </common:publication-date>
                              <work:journal-title>Zenodo</work:journal-title>
                        </work:work-summary>
                  </activities:group>
                  <activities:group>
                        <common:last-modified-date>2019-11-26T15:27:42.370Z</common:last-modified-date>
                        <common:external-ids>
                              <common:external-id>
                                    <common:external-id-type>doi</common:external-id-type>
                                    <common:external-id-value>10.6084/M9.FIGSHARE.1373669</common:external-id-value>
                                    <common:external-id-normalized transient="true">10.6084/m9.figshare.1373669</common:external-id-normalized>
                                    <common:external-id-relationship>self</common:external-id-relationship>
                              </common:external-id>
                              <common:external-id>
                                    <common:external-id-type>doi</common:external-id-type>
                                    <common:external-id-value>10.6084/M9.FIGSHARE.1373669.V1</common:external-id-value>
                                    <common:external-id-normalized transient="true">10.6084/m9.figshare.1373669.v1</common:external-id-normalized>
                                    <common:external-id-relationship>self</common:external-id-relationship>
                              </common:external-id>
                        </common:external-ids>
                        <work:work-summary put-code="17080227" path="/0000-0003-0902-4386/work/17080227" visibility="public" display-index="3">
                              <common:created-date>2015-06-25T15:53:00.221Z</common:created-date>
                              <common:last-modified-date>2019-11-26T15:27:42.370Z</common:last-modified-date>
                              <common:source>
                                    <common:source-client-id>
                                          <common:uri>https://orcid.org/client/0000-0001-8099-6984</common:uri>
                                          <common:path>0000-0001-8099-6984</common:path>
                                          <common:host>orcid.org</common:host>
                                    </common:source-client-id>
                                    <common:source-name>DataCite</common:source-name>
                              </common:source>
                              <work:title>
                                    <common:title>D4.2: Workflow for interoperability</common:title>
                              </work:title>
                              <common:external-ids>
                                    <common:external-id>
                                          <common:external-id-type>doi</common:external-id-type>
                                          <common:external-id-value>10.6084/M9.FIGSHARE.1373669</common:external-id-value>
                                          <common:external-id-normalized transient="true">10.6084/m9.figshare.1373669</common:external-id-normalized>
                                          <common:external-id-relationship>self</common:external-id-relationship>
                                    </common:external-id>
                              </common:external-ids>
                              <work:type>data-set</work:type>
                              <common:publication-date>
                                    <common:year>2015</common:year>
                              </common:publication-date>
                        </work:work-summary>
                        <work:work-summary put-code="17080287" path="/0000-0003-0902-4386/work/17080287" visibility="public" display-index="1">
                              <common:created-date>2015-06-25T11:54:29.117Z</common:created-date>
                              <common:last-modified-date>2019-11-26T15:27:42.370Z</common:last-modified-date>
                              <common:source>
                                    <common:source-orcid>
                                          <common:uri>https://orcid.org/0000-0003-0902-4386</common:uri>
                                          <common:path>0000-0003-0902-4386</common:path>
                                          <common:host>orcid.org</common:host>
                                    </common:source-orcid>
                                    <common:source-name>Tom 'Amazing' Demeranville</common:source-name>
                              </common:source>
                              <work:title>
                                    <common:title>D4.2: Workflow for interoperability</common:title>
                              </work:title>
                              <common:external-ids>
                                    <common:external-id>
                                          <common:external-id-type>doi</common:external-id-type>
                                          <common:external-id-value>10.6084/M9.FIGSHARE.1373669.V1</common:external-id-value>
                                          <common:external-id-normalized transient="true">10.6084/m9.figshare.1373669.v1</common:external-id-normalized>
                                          <common:external-id-relationship>self</common:external-id-relationship>
                                    </common:external-id>
                                    <common:external-id>
                                          <common:external-id-type>doi</common:external-id-type>
                                          <common:external-id-value>10.6084/M9.FIGSHARE.1373669</common:external-id-value>
                                          <common:external-id-normalized transient="true">10.6084/m9.figshare.1373669</common:external-id-normalized>
                                          <common:external-id-relationship>self</common:external-id-relationship>
                                    </common:external-id>
                              </common:external-ids>
                              <common:url>http://text.com</common:url>
                              <work:type>report</work:type>
                              <common:publication-date>
                                    <common:year>2015</common:year>
                              </common:publication-date>
                        </work:work-summary>
                        <work:work-summary put-code="30033162" path="/0000-0003-0902-4386/work/30033162" visibility="public" display-index="0">
                              <common:created-date>2017-02-02T19:23:32.920Z</common:created-date>
                              <common:last-modified-date>2019-11-26T15:27:42.370Z</common:last-modified-date>
                              <common:source>
                                    <common:source-client-id>
                                          <common:uri>https://orcid.org/client/0000-0001-8099-6984</common:uri>
                                          <common:path>0000-0001-8099-6984</common:path>
                                          <common:host>orcid.org</common:host>
                                    </common:source-client-id>
                                    <common:source-name>DataCite</common:source-name>
                              </common:source>
                              <work:title>
                                    <common:title>D4.2: Workflow for interoperability</common:title>
                              </work:title>
                              <common:external-ids>
                                    <common:external-id>
                                          <common:external-id-type>doi</common:external-id-type>
                                          <common:external-id-value>10.6084/M9.FIGSHARE.1373669.V1</common:external-id-value>
                                          <common:external-id-normalized transient="true">10.6084/m9.figshare.1373669.v1</common:external-id-normalized>
                                          <common:external-id-relationship>self</common:external-id-relationship>
                                    </common:external-id>
                              </common:external-ids>
                              <work:type>data-set</work:type>
                              <common:publication-date>
                                    <common:year>2015</common:year>
                              </common:publication-date>
                              <work:journal-title>Figshare</work:journal-title>
                        </work:work-summary>
                  </activities:group>
                  <activities:group>
                        <common:last-modified-date>2019-11-26T15:27:45.367Z</common:last-modified-date>
                        <common:external-ids>
                              <common:external-id>
                                    <common:external-id-type>doi</common:external-id-type>
                                    <common:external-id-value>10.6084/M9.FIGSHARE.1582705</common:external-id-value>
                                    <common:external-id-normalized transient="true">10.6084/m9.figshare.1582705</common:external-id-normalized>
                                    <common:external-id-relationship>self</common:external-id-relationship>
                              </common:external-id>
                              <common:external-id>
                                    <common:external-id-type>doi</common:external-id-type>
                                    <common:external-id-value>10.6084/M9.FIGSHARE.1582705.V1</common:external-id-value>
                                    <common:external-id-normalized transient="true">10.6084/m9.figshare.1582705.v1</common:external-id-normalized>
                                    <common:external-id-relationship>self</common:external-id-relationship>
                              </common:external-id>
                        </common:external-ids>
                        <work:work-summary put-code="23239357" path="/0000-0003-0902-4386/work/23239357" visibility="public" display-index="0">
                              <common:created-date>2016-03-31T09:23:46.538Z</common:created-date>
                              <common:last-modified-date>2019-11-26T15:27:45.367Z</common:last-modified-date>
                              <common:source>
                                    <common:source-client-id>
                                          <common:uri>https://orcid.org/client/0000-0001-8099-6984</common:uri>
                                          <common:path>0000-0001-8099-6984</common:path>
                                          <common:host>orcid.org</common:host>
                                    </common:source-client-id>
                                    <common:source-name>DataCite</common:source-name>
                              </common:source>
                              <work:title>
                                    <common:title>ORCID Public Data File 2015</common:title>
                              </work:title>
                              <common:external-ids>
                                    <common:external-id>
                                          <common:external-id-type>doi</common:external-id-type>
                                          <common:external-id-value>10.6084/M9.FIGSHARE.1582705.V1</common:external-id-value>
                                          <common:external-id-normalized transient="true">10.6084/m9.figshare.1582705.v1</common:external-id-normalized>
                                          <common:external-id-relationship>self</common:external-id-relationship>
                                    </common:external-id>
                              </common:external-ids>
                              <work:type>data-set</work:type>
                              <common:publication-date>
                                    <common:year>2015</common:year>
                              </common:publication-date>
                              <work:journal-title>Figshare</work:journal-title>
                        </work:work-summary>
                        <work:work-summary put-code="30033658" path="/0000-0003-0902-4386/work/30033658" visibility="public" display-index="0">
                              <common:created-date>2017-02-02T19:47:51.230Z</common:created-date>
                              <common:last-modified-date>2019-11-26T15:27:45.367Z</common:last-modified-date>
                              <common:source>
                                    <common:source-client-id>
                                          <common:uri>https://orcid.org/client/0000-0001-8099-6984</common:uri>
                                          <common:path>0000-0001-8099-6984</common:path>
                                          <common:host>orcid.org</common:host>
                                    </common:source-client-id>
                                    <common:source-name>DataCite</common:source-name>
                              </common:source>
                              <work:title>
                                    <common:title>ORCID Public Data File 2015</common:title>
                              </work:title>
                              <common:external-ids>
                                    <common:external-id>
                                          <common:external-id-type>doi</common:external-id-type>
                                          <common:external-id-value>10.6084/M9.FIGSHARE.1582705</common:external-id-value>
                                          <common:external-id-normalized transient="true">10.6084/m9.figshare.1582705</common:external-id-normalized>
                                          <common:external-id-relationship>self</common:external-id-relationship>
                                    </common:external-id>
                              </common:external-ids>
                              <work:type>data-set</work:type>
                              <common:publication-date>
                                    <common:year>2015</common:year>
                              </common:publication-date>
                              <work:journal-title>Figshare</work:journal-title>
                        </work:work-summary>
                        <work:work-summary put-code="65131303" path="/0000-0003-0902-4386/work/65131303" visibility="public" display-index="-1">
                              <common:created-date>2019-11-26T15:13:01.154Z</common:created-date>
                              <common:last-modified-date>2019-11-26T15:27:45.367Z</common:last-modified-date>
                              <common:source>
                                    <common:source-orcid>
                                          <common:uri>https://orcid.org/0000-0003-0902-4386</common:uri>
                                          <common:path>0000-0003-0902-4386</common:path>
                                          <common:host>orcid.org</common:host>
                                    </common:source-orcid>
                                    <common:source-name>Tom 'Amazing' Demeranville</common:source-name>
                              </common:source>
                              <work:title>
                                    <common:title>ORCID Public Data File 2015</common:title>
                              </work:title>
                              <common:external-ids>
                                    <common:external-id>
                                          <common:external-id-type>doi</common:external-id-type>
                                          <common:external-id-value>10.6084/M9.FIGSHARE.1582705</common:external-id-value>
                                          <common:external-id-normalized transient="true">10.6084/m9.figshare.1582705</common:external-id-normalized>
                                          <common:external-id-relationship>self</common:external-id-relationship>
                                    </common:external-id>
                                    <common:external-id>
                                          <common:external-id-type>doi</common:external-id-type>
                                          <common:external-id-value>10.6084/M9.FIGSHARE.1582705.V1</common:external-id-value>
                                          <common:external-id-normalized transient="true">10.6084/m9.figshare.1582705.v1</common:external-id-normalized>
                                          <common:external-id-relationship>self</common:external-id-relationship>
                                    </common:external-id>
                              </common:external-ids>
                              <work:type>data-set</work:type>
                              <common:publication-date>
                                    <common:year>2015</common:year>
                              </common:publication-date>
                              <work:journal-title>Figshare</work:journal-title>
                        </work:work-summary>
                  </activities:group>
                  <activities:group>
                        <common:last-modified-date>2017-03-23T14:54:29.439Z</common:last-modified-date>
                        <common:external-ids>
                              <common:external-id>
                                    <common:external-id-type>doi</common:external-id-type>
                                    <common:external-id-value>10.5438/6423</common:external-id-value>
                                    <common:external-id-normalized transient="true">10.5438/6423</common:external-id-normalized>
                                    <common:external-id-relationship>self</common:external-id-relationship>
                              </common:external-id>
                        </common:external-ids>
                        <work:work-summary put-code="30033172" path="/0000-0003-0902-4386/work/30033172" visibility="public" display-index="0">
                              <common:created-date>2017-02-02T19:23:37.934Z</common:created-date>
                              <common:last-modified-date>2017-03-23T14:54:29.439Z</common:last-modified-date>
                              <common:source>
                                    <common:source-client-id>
                                          <common:uri>https://orcid.org/client/0000-0001-8099-6984</common:uri>
                                          <common:path>0000-0001-8099-6984</common:path>
                                          <common:host>orcid.org</common:host>
                                    </common:source-client-id>
                                    <common:source-name>DataCite</common:source-name>
                              </common:source>
                              <work:title>
                                    <common:title>Technical and Human Infrastructure for Open Research (THOR)</common:title>
                              </work:title>
                              <common:external-ids>
                                    <common:external-id>
                                          <common:external-id-type>doi</common:external-id-type>
                                          <common:external-id-value>10.5438/6423</common:external-id-value>
                                          <common:external-id-normalized transient="true">10.5438/6423</common:external-id-normalized>
                                          <common:external-id-relationship>self</common:external-id-relationship>
                                    </common:external-id>
                              </common:external-ids>
                              <work:type>other</work:type>
                              <common:publication-date>
                                    <common:year>2015</common:year>
                              </common:publication-date>
                              <work:journal-title>DataCite</work:journal-title>
                        </work:work-summary>
                  </activities:group>
                  <activities:group>
                        <common:last-modified-date>2019-11-26T15:27:53.276Z</common:last-modified-date>
                        <common:external-ids>
                              <common:external-id>
                                    <common:external-id-type>doi</common:external-id-type>
                                    <common:external-id-value>10.6084/M9.FIGSHARE.824317.V1</common:external-id-value>
                                    <common:external-id-normalized transient="true">10.6084/m9.figshare.824317.v1</common:external-id-normalized>
                                    <common:external-id-relationship>self</common:external-id-relationship>
                              </common:external-id>
                              <common:external-id>
                                    <common:external-id-type>doi</common:external-id-type>
                                    <common:external-id-value>10.6084/M9.FIGSHARE.824317</common:external-id-value>
                                    <common:external-id-normalized transient="true">10.6084/m9.figshare.824317</common:external-id-normalized>
                                    <common:external-id-relationship>self</common:external-id-relationship>
                              </common:external-id>
                        </common:external-ids>
                        <work:work-summary put-code="18003936" path="/0000-0003-0902-4386/work/18003936" visibility="public" display-index="0">
                              <common:created-date>2015-08-19T15:03:59.727Z</common:created-date>
                              <common:last-modified-date>2019-11-26T15:27:53.276Z</common:last-modified-date>
                              <common:source>
                                    <common:source-client-id>
                                          <common:uri>https://orcid.org/client/0000-0001-8099-6984</common:uri>
                                          <common:path>0000-0001-8099-6984</common:path>
                                          <common:host>orcid.org</common:host>
                                    </common:source-client-id>
                                    <common:source-name>DataCite</common:source-name>
                              </common:source>
                              <work:title>
                                    <common:title>D3.1 Humanities and Social Science Proof of Concept</common:title>
                              </work:title>
                              <common:external-ids>
                                    <common:external-id>
                                          <common:external-id-type>doi</common:external-id-type>
                                          <common:external-id-value>10.6084/M9.FIGSHARE.824317</common:external-id-value>
                                          <common:external-id-normalized transient="true">10.6084/m9.figshare.824317</common:external-id-normalized>
                                          <common:external-id-relationship>self</common:external-id-relationship>
                                    </common:external-id>
                              </common:external-ids>
                              <work:type>data-set</work:type>
                              <common:publication-date>
                                    <common:year>2013</common:year>
                              </common:publication-date>
                        </work:work-summary>
                        <work:work-summary put-code="30033870" path="/0000-0003-0902-4386/work/30033870" visibility="public" display-index="0">
                              <common:created-date>2017-02-02T19:52:11.874Z</common:created-date>
                              <common:last-modified-date>2019-11-26T15:27:53.276Z</common:last-modified-date>
                              <common:source>
                                    <common:source-client-id>
                                          <common:uri>https://orcid.org/client/0000-0001-8099-6984</common:uri>
                                          <common:path>0000-0001-8099-6984</common:path>
                                          <common:host>orcid.org</common:host>
                                    </common:source-client-id>
                                    <common:source-name>DataCite</common:source-name>
                              </common:source>
                              <work:title>
                                    <common:title>D3.1 Humanities and Social Science Proof of Concept</common:title>
                              </work:title>
                              <common:external-ids>
                                    <common:external-id>
                                          <common:external-id-type>doi</common:external-id-type>
                                          <common:external-id-value>10.6084/M9.FIGSHARE.824317.V1</common:external-id-value>
                                          <common:external-id-normalized transient="true">10.6084/m9.figshare.824317.v1</common:external-id-normalized>
                                          <common:external-id-relationship>self</common:external-id-relationship>
                                    </common:external-id>
                              </common:external-ids>
                              <work:type>data-set</work:type>
                              <common:publication-date>
                                    <common:year>2013</common:year>
                              </common:publication-date>
                              <work:journal-title>Figshare</work:journal-title>
                        </work:work-summary>
                        <work:work-summary put-code="65131299" path="/0000-0003-0902-4386/work/65131299" visibility="public" display-index="-1">
                              <common:created-date>2019-11-26T15:13:00.946Z</common:created-date>
                              <common:last-modified-date>2019-11-26T15:27:53.276Z</common:last-modified-date>
                              <common:source>
                                    <common:source-orcid>
                                          <common:uri>https://orcid.org/0000-0003-0902-4386</common:uri>
                                          <common:path>0000-0003-0902-4386</common:path>
                                          <common:host>orcid.org</common:host>
                                    </common:source-orcid>
                                    <common:source-name>Tom 'Amazing' Demeranville</common:source-name>
                              </common:source>
                              <work:title>
                                    <common:title>D3.1 Humanities and Social Science Proof of Concept</common:title>
                              </work:title>
                              <common:external-ids>
                                    <common:external-id>
                                          <common:external-id-type>doi</common:external-id-type>
                                          <common:external-id-value>10.6084/M9.FIGSHARE.824317</common:external-id-value>
                                          <common:external-id-normalized transient="true">10.6084/m9.figshare.824317</common:external-id-normalized>
                                          <common:external-id-relationship>self</common:external-id-relationship>
                                    </common:external-id>
                                    <common:external-id>
                                          <common:external-id-type>doi</common:external-id-type>
                                          <common:external-id-value>10.6084/M9.FIGSHARE.824317.V1</common:external-id-value>
                                          <common:external-id-normalized transient="true">10.6084/m9.figshare.824317.v1</common:external-id-normalized>
                                          <common:external-id-relationship>self</common:external-id-relationship>
                                    </common:external-id>
                              </common:external-ids>
                              <work:type>data-set</work:type>
                              <common:publication-date>
                                    <common:year>2013</common:year>
                              </common:publication-date>
                        </work:work-summary>
                  </activities:group>
                  <activities:group>
                        <common:last-modified-date>2019-11-26T15:27:54.642Z</common:last-modified-date>
                        <common:external-ids>
                              <common:external-id>
                                    <common:external-id-type>doi</common:external-id-type>
                                    <common:external-id-value>10.5281/ZENODO.30030</common:external-id-value>
                                    <common:external-id-normalized transient="true">10.5281/zenodo.30030</common:external-id-normalized>
                                    <common:external-id-relationship>self</common:external-id-relationship>
                              </common:external-id>
                        </common:external-ids>
                        <work:work-summary put-code="18875588" path="/0000-0003-0902-4386/work/18875588" visibility="public" display-index="0">
                              <common:created-date>2015-10-01T14:15:06.024Z</common:created-date>
                              <common:last-modified-date>2019-11-26T15:27:54.642Z</common:last-modified-date>
                              <common:source>
                                    <common:source-client-id>
                                          <common:uri>https://orcid.org/client/0000-0001-8099-6984</common:uri>
                                          <common:path>0000-0001-8099-6984</common:path>
                                          <common:host>orcid.org</common:host>
                                    </common:source-client-id>
                                    <common:source-name>DataCite</common:source-name>
                              </common:source>
                              <work:title>
                                    <common:title>ORCID and DATACITE Interoperability Network (ODIN)</common:title>
                              </work:title>
                              <common:external-ids>
                                    <common:external-id>
                                          <common:external-id-type>doi</common:external-id-type>
                                          <common:external-id-value>10.5281/ZENODO.30030</common:external-id-value>
                                          <common:external-id-normalized transient="true">10.5281/zenodo.30030</common:external-id-normalized>
                                          <common:external-id-relationship>self</common:external-id-relationship>
                                    </common:external-id>
                              </common:external-ids>
                              <work:type>other</work:type>
                              <common:publication-date>
                                    <common:year>2012</common:year>
                              </common:publication-date>
                        </work:work-summary>
                  </activities:group>
                  <activities:group>
                        <common:last-modified-date>2017-11-06T13:15:27.036Z</common:last-modified-date>
                        <common:external-ids>
                              <common:external-id>
                                    <common:external-id-type>agr</common:external-id-type>
                                    <common:external-id-value>dsfdad</common:external-id-value>
                                    <common:external-id-normalized transient="true">dsfdad</common:external-id-normalized>
                                    <common:external-id-relationship>self</common:external-id-relationship>
                              </common:external-id>
                              <common:external-id>
                                    <common:external-id-type>pdb</common:external-id-type>
                                    <common:external-id-value>pdb-value-self</common:external-id-value>
                                    <common:external-id-normalized transient="true">pdb-value-self</common:external-id-normalized>
                                    <common:external-id-url>http://identifiers.org/pdb/pdb-value-self</common:external-id-url>
                                    <common:external-id-relationship>self</common:external-id-relationship>
                              </common:external-id>
                              <common:external-id>
                                    <common:external-id-type>cit</common:external-id-type>
                                    <common:external-id-value>cite-self</common:external-id-value>
                                    <common:external-id-normalized transient="true">cite-self</common:external-id-normalized>
                                    <common:external-id-relationship>self</common:external-id-relationship>
                              </common:external-id>
                        </common:external-ids>
                        <work:work-summary put-code="27365906" path="/0000-0003-0902-4386/work/27365906" visibility="public" display-index="1">
                              <common:created-date>2016-10-13T13:15:27.027Z</common:created-date>
                              <common:last-modified-date>2017-11-06T13:15:27.036Z</common:last-modified-date>
                              <common:source>
                                    <common:source-orcid>
                                          <common:uri>https://orcid.org/0000-0003-0902-4386</common:uri>
                                          <common:path>0000-0003-0902-4386</common:path>
                                          <common:host>orcid.org</common:host>
                                    </common:source-orcid>
                                    <common:source-name>Tom 'Amazing' Demeranville</common:source-name>
                              </common:source>
                              <work:title>
                                    <common:title>PDB, "TEST"</common:title>
                              </work:title>
                              <common:external-ids>
                                    <common:external-id>
                                          <common:external-id-type>pdb</common:external-id-type>
                                          <common:external-id-value>pdb-value-self</common:external-id-value>
                                          <common:external-id-normalized transient="true">pdb-value-self</common:external-id-normalized>
                                          <common:external-id-url>http://identifiers.org/pdb/pdb-value-self</common:external-id-url>
                                          <common:external-id-relationship>self</common:external-id-relationship>
                                    </common:external-id>
                                    <common:external-id>
                                          <common:external-id-type>cit</common:external-id-type>
                                          <common:external-id-value>cite-self</common:external-id-value>
                                          <common:external-id-normalized transient="true">cite-self</common:external-id-normalized>
                                          <common:external-id-relationship>self</common:external-id-relationship>
                                    </common:external-id>
                                    <common:external-id>
                                          <common:external-id-type>agr</common:external-id-type>
                                          <common:external-id-value>dsfdad</common:external-id-value>
                                          <common:external-id-normalized transient="true">dsfdad</common:external-id-normalized>
                                          <common:external-id-relationship>self</common:external-id-relationship>
                                    </common:external-id>
                              </common:external-ids>
                              <work:type>journal-article</work:type>
                        </work:work-summary>
                  </activities:group>
            </activities:works>
      </activities:activities-summary>
</record:record>